# JRE version: OpenJDK Runtime Environment Temurin-21.0.8+9 (21.0.8+9) (build 21.0.8+9-LTS)
# Java VM: OpenJDK 64-Bit Server VM Temurin-21.0.8+9 (21.0.8+9-LTS, mixed mode, sharing, tiered, compressed oops, compressed class ptrs, parallel gc, windows-amd64)
GC Precious Log:
 CardTable entry size: 512
 CPUs: 12 total, 12 available
 Memory: 7521M
 Large Page Support: Disabled
 NUMA Support: Disabled
 Compressed Oops: Enabled (32-bit)
 Alignments: Space 512K, Generation 512K, Heap 2M
 Heap Min Capacity: 100M
 Heap Initial Capacity: 100M
 Heap Max Capacity: 2G
 Pre-touch: Disabled
 Parallel Workers: 10
Heap:
 PSYoungGen      total 4608K, used 3671K [0x00000000d5580000, 0x00000000d5b00000, 0x0000000100000000)
  eden space 4096K, 84% used [0x00000000d5580000,0x00000000d58e5cd8,0x00000000d5980000)
  from space 512K, 37% used [0x00000000d5a00000,0x00000000d5a30000,0x00000000d5a80000)
  to   space 512K, 0% used [0x00000000d5a80000,0x00000000d5a80000,0x00000000d5b00000)
 ParOldGen       total 891392K, used 890738K [0x0000000080000000, 0x00000000b6680000, 0x00000000d5580000)
  object space 891392K, 99% used [0x0000000080000000,0x00000000b65dc828,0x00000000b6680000)
 Metaspace       used 76118K, committed 77696K, reserved 1179648K
  class space    used 8072K, committed 8704K, reserved 1048576K
GC Heap History (20 events):
Event: 83472.254 GC heap before
{Heap before GC invocations=1299 (full 3):
 PSYoungGen      total 4608K, used 4579K [0x00000000d5580000, 0x00000000d5c80000, 0x0000000100000000)
  eden space 3584K, 100% used [0x00000000d5580000,0x00000000d5900000,0x00000000d5900000)
  from space 1024K, 97% used [0x00000000d5900000,0x00000000d59f8d60,0x00000000d5a00000)
  to   space 1536K, 0% used [0x00000000d5b00000,0x00000000d5b00000,0x00000000d5c80000)
 ParOldGen       total 858624K, used 858460K [0x0000000080000000, 0x00000000b4680000, 0x00000000d5580000)
  object space 858624K, 99% used [0x0000000080000000,0x00000000b46573e8,0x00000000b4680000)
 Metaspace       used 74557K, committed 76096K, reserved 1179648K
  class space    used 7936K, committed 8576K, reserved 1048576K
}
Event: 83472.257 GC heap after
{Heap after GC invocations=1299 (full 3):
 PSYoungGen      total 5632K, used 1354K [0x00000000d5580000, 0x00000000d5d00000, 0x0000000100000000)
  eden space 4096K, 0% used [0x00000000d5580000,0x00000000d5580000,0x00000000d5980000)
  from space 1536K, 88% used [0x00000000d5b00000,0x00000000d5c528d0,0x00000000d5c80000)
  to   space 1536K, 0% used [0x00000000d5980000,0x00000000d5980000,0x00000000d5b00000)
 ParOldGen       total 858624K, used 858588K [0x0000000080000000, 0x00000000b4680000, 0x00000000d5580000)
  object space 858624K, 99% used [0x0000000080000000,0x00000000b46773e8,0x00000000b4680000)
 Metaspace       used 74557K, committed 76096K, reserved 1179648K
  class space    used 7936K, committed 8576K, reserved 1048576K
}
Event: 83472.272 GC heap before
{Heap before GC invocations=1300 (full 3):
 PSYoungGen      total 5632K, used 5450K [0x00000000d5580000, 0x00000000d5d00000, 0x0000000100000000)
  eden space 4096K, 100% used [0x00000000d5580000,0x00000000d5980000,0x00000000d5980000)
  from space 1536K, 88% used [0x00000000d5b00000,0x00000000d5c528d0,0x00000000d5c80000)
  to   space 1536K, 0% used [0x00000000d5980000,0x00000000d5980000,0x00000000d5b00000)
 ParOldGen       total 858624K, used 858588K [0x0000000080000000, 0x00000000b4680000, 0x00000000d5580000)
  object space 858624K, 99% used [0x0000000080000000,0x00000000b46773e8,0x00000000b4680000)
 Metaspace       used 74558K, committed 76096K, reserved 1179648K
  class space    used 7936K, committed 8576K, reserved 1048576K
}
Event: 83472.275 GC heap after
{Heap after GC invocations=1300 (full 3):
 PSYoungGen      total 5120K, used 650K [0x00000000d5580000, 0x00000000d5b80000, 0x0000000100000000)
  eden space 4096K, 0% used [0x00000000d5580000,0x00000000d5580000,0x00000000d5980000)
  from space 1024K, 63% used [0x00000000d5980000,0x00000000d5a22980,0x00000000d5a80000)
  to   space 1024K, 0% used [0x00000000d5a80000,0x00000000d5a80000,0x00000000d5b80000)
 ParOldGen       total 858624K, used 858588K [0x0000000080000000, 0x00000000b4680000, 0x00000000d5580000)
  object space 858624K, 99% used [0x0000000080000000,0x00000000b46773e8,0x00000000b4680000)
 Metaspace       used 74558K, committed 76096K, reserved 1179648K
  class space    used 7936K, committed 8576K, reserved 1048576K
}
Event: 83472.430 GC heap before
{Heap before GC invocations=1301 (full 3):
 PSYoungGen      total 5120K, used 4746K [0x00000000d5580000, 0x00000000d5b80000, 0x0000000100000000)
  eden space 4096K, 100% used [0x00000000d5580000,0x00000000d5980000,0x00000000d5980000)
  from space 1024K, 63% used [0x00000000d5980000,0x00000000d5a22980,0x00000000d5a80000)
  to   space 1024K, 0% used [0x00000000d5a80000,0x00000000d5a80000,0x00000000d5b80000)
 ParOldGen       total 858624K, used 858588K [0x0000000080000000, 0x00000000b4680000, 0x00000000d5580000)
  object space 858624K, 99% used [0x0000000080000000,0x00000000b46773e8,0x00000000b4680000)
 Metaspace       used 75184K, committed 76736K, reserved 1179648K
  class space    used 7993K, committed 8640K, reserved 1048576K
}
Event: 83472.434 GC heap after
{Heap after GC invocations=1301 (full 3):
 PSYoungGen      total 4608K, used 192K [0x00000000d5580000, 0x00000000d5b00000, 0x0000000100000000)
  eden space 4096K, 0% used [0x00000000d5580000,0x00000000d5580000,0x00000000d5980000)
  from space 512K, 37% used [0x00000000d5a80000,0x00000000d5ab0000,0x00000000d5b00000)
  to   space 512K, 0% used [0x00000000d5a00000,0x00000000d5a00000,0x00000000d5a80000)
 ParOldGen       total 858624K, used 858596K [0x0000000080000000, 0x00000000b4680000, 0x00000000d5580000)
  object space 858624K, 99% used [0x0000000080000000,0x00000000b46793e8,0x00000000b4680000)
 Metaspace       used 75184K, committed 76736K, reserved 1179648K
  class space    used 7993K, committed 8640K, reserved 1048576K
}
Event: 83472.751 GC heap before
{Heap before GC invocations=1302 (full 3):
 PSYoungGen      total 4608K, used 4288K [0x00000000d5580000, 0x00000000d5b00000, 0x0000000100000000)
  eden space 4096K, 100% used [0x00000000d5580000,0x00000000d5980000,0x00000000d5980000)
  from space 512K, 37% used [0x00000000d5a80000,0x00000000d5ab0000,0x00000000d5b00000)
  to   space 512K, 0% used [0x00000000d5a00000,0x00000000d5a00000,0x00000000d5a80000)
 ParOldGen       total 858624K, used 858596K [0x0000000080000000, 0x00000000b4680000, 0x00000000d5580000)
  object space 858624K, 99% used [0x0000000080000000,0x00000000b46793e8,0x00000000b4680000)
 Metaspace       used 75723K, committed 77312K, reserved 1179648K
  class space    used 8049K, committed 8704K, reserved 1048576K
}
Event: 83472.754 GC heap after
{Heap after GC invocations=1302 (full 3):
 PSYoungGen      total 4608K, used 320K [0x00000000d5580000, 0x00000000d5b00000, 0x0000000100000000)
  eden space 4096K, 0% used [0x00000000d5580000,0x00000000d5580000,0x00000000d5980000)
  from space 512K, 62% used [0x00000000d5a00000,0x00000000d5a50000,0x00000000d5a80000)
  to   space 512K, 0% used [0x00000000d5a80000,0x00000000d5a80000,0x00000000d5b00000)
 ParOldGen       total 859136K, used 858652K [0x0000000080000000, 0x00000000b4700000, 0x00000000d5580000)
  object space 859136K, 99% used [0x0000000080000000,0x00000000b46873e8,0x00000000b4700000)
 Metaspace       used 75723K, committed 77312K, reserved 1179648K
  class space    used 8049K, committed 8704K, reserved 1048576K
}
Event: 83472.907 GC heap before
{Heap before GC invocations=1303 (full 3):
 PSYoungGen      total 4608K, used 4415K [0x00000000d5580000, 0x00000000d5b00000, 0x0000000100000000)
  eden space 4096K, 99% used [0x00000000d5580000,0x00000000d597fee0,0x00000000d5980000)
  from space 512K, 62% used [0x00000000d5a00000,0x00000000d5a50000,0x00000000d5a80000)
  to   space 512K, 0% used [0x00000000d5a80000,0x00000000d5a80000,0x00000000d5b00000)
 ParOldGen       total 859136K, used 858652K [0x0000000080000000, 0x00000000b4700000, 0x00000000d5580000)
  object space 859136K, 99% used [0x0000000080000000,0x00000000b46873e8,0x00000000b4700000)
 Metaspace       used 75814K, committed 77376K, reserved 1179648K
  class space    used 8051K, committed 8704K, reserved 1048576K
}
Event: 83472.913 GC heap after
{Heap after GC invocations=1303 (full 3):
 PSYoungGen      total 4608K, used 512K [0x00000000d5580000, 0x00000000d5b80000, 0x0000000100000000)
  eden space 4096K, 0% used [0x00000000d5580000,0x00000000d5580000,0x00000000d5980000)
  from space 512K, 100% used [0x00000000d5a80000,0x00000000d5b00000,0x00000000d5b00000)
  to   space 1024K, 0% used [0x00000000d5980000,0x00000000d5980000,0x00000000d5a80000)
 ParOldGen       total 859136K, used 858860K [0x0000000080000000, 0x00000000b4700000, 0x00000000d5580000)
  object space 859136K, 99% used [0x0000000080000000,0x00000000b46bb3e8,0x00000000b4700000)
 Metaspace       used 75814K, committed 77376K, reserved 1179648K
  class space    used 8051K, committed 8704K, reserved 1048576K
}
Event: 83473.242 GC heap before
{Heap before GC invocations=1304 (full 3):
 PSYoungGen      total 4608K, used 4608K [0x00000000d5580000, 0x00000000d5b80000, 0x0000000100000000)
  eden space 4096K, 100% used [0x00000000d5580000,0x00000000d5980000,0x00000000d5980000)
  from space 512K, 100% used [0x00000000d5a80000,0x00000000d5b00000,0x00000000d5b00000)
  to   space 1024K, 0% used [0x00000000d5980000,0x00000000d5980000,0x00000000d5a80000)
 ParOldGen       total 859136K, used 858860K [0x0000000080000000, 0x00000000b4700000, 0x00000000d5580000)
  object space 859136K, 99% used [0x0000000080000000,0x00000000b46bb3e8,0x00000000b4700000)
 Metaspace       used 76044K, committed 77568K, reserved 1179648K
  class space    used 8067K, committed 8704K, reserved 1048576K
}
Event: 83473.246 GC heap after
{Heap after GC invocations=1304 (full 3):
 PSYoungGen      total 5120K, used 704K [0x00000000d5580000, 0x00000000d5b80000, 0x0000000100000000)
  eden space 4096K, 0% used [0x00000000d5580000,0x00000000d5580000,0x00000000d5980000)
  from space 1024K, 68% used [0x00000000d5980000,0x00000000d5a30020,0x00000000d5a80000)
  to   space 1024K, 0% used [0x00000000d5a80000,0x00000000d5a80000,0x00000000d5b80000)
 ParOldGen       total 859648K, used 859265K [0x0000000080000000, 0x00000000b4780000, 0x00000000d5580000)
  object space 859648K, 99% used [0x0000000080000000,0x00000000b47207c8,0x00000000b4780000)
 Metaspace       used 76044K, committed 77568K, reserved 1179648K
  class space    used 8067K, committed 8704K, reserved 1048576K
}
Event: 83535.721 GC heap before
{Heap before GC invocations=1305 (full 3):
 PSYoungGen      total 5120K, used 4800K [0x00000000d5580000, 0x00000000d5b80000, 0x0000000100000000)
  eden space 4096K, 100% used [0x00000000d5580000,0x00000000d5980000,0x00000000d5980000)
  from space 1024K, 68% used [0x00000000d5980000,0x00000000d5a30020,0x00000000d5a80000)
  to   space 1024K, 0% used [0x00000000d5a80000,0x00000000d5a80000,0x00000000d5b80000)
 ParOldGen       total 891392K, used 889985K [0x0000000080000000, 0x00000000b6680000, 0x00000000d5580000)
  object space 891392K, 99% used [0x0000000080000000,0x00000000b65207f8,0x00000000b6680000)
 Metaspace       used 76090K, committed 77632K, reserved 1179648K
  class space    used 8070K, committed 8704K, reserved 1048576K
}
Event: 83535.726 GC heap after
{Heap after GC invocations=1305 (full 3):
 PSYoungGen      total 5120K, used 448K [0x00000000d5580000, 0x00000000d5b80000, 0x0000000100000000)
  eden space 4096K, 0% used [0x00000000d5580000,0x00000000d5580000,0x00000000d5980000)
  from space 1024K, 43% used [0x00000000d5a80000,0x00000000d5af0040,0x00000000d5b80000)
  to   space 1024K, 0% used [0x00000000d5980000,0x00000000d5980000,0x00000000d5a80000)
 ParOldGen       total 891392K, used 890481K [0x0000000080000000, 0x00000000b6680000, 0x00000000d5580000)
  object space 891392K, 99% used [0x0000000080000000,0x00000000b659c7f8,0x00000000b6680000)
 Metaspace       used 76090K, committed 77632K, reserved 1179648K
  class space    used 8070K, committed 8704K, reserved 1048576K
}
Event: 83563.125 GC heap before
{Heap before GC invocations=1306 (full 3):
 PSYoungGen      total 5120K, used 4544K [0x00000000d5580000, 0x00000000d5b80000, 0x0000000100000000)
  eden space 4096K, 100% used [0x00000000d5580000,0x00000000d5980000,0x00000000d5980000)
  from space 1024K, 43% used [0x00000000d5a80000,0x00000000d5af0040,0x00000000d5b80000)
  to   space 1024K, 0% used [0x00000000d5980000,0x00000000d5980000,0x00000000d5a80000)
 ParOldGen       total 891392K, used 890481K [0x0000000080000000, 0x00000000b6680000, 0x00000000d5580000)
  object space 891392K, 99% used [0x0000000080000000,0x00000000b659c7f8,0x00000000b6680000)
 Metaspace       used 76106K, committed 77632K, reserved 1179648K
  class space    used 8072K, committed 8704K, reserved 1048576K
}
Event: 83563.129 GC heap after
{Heap after GC invocations=1306 (full 3):
 PSYoungGen      total 5120K, used 320K [0x00000000d5580000, 0x00000000d5b00000, 0x0000000100000000)
  eden space 4096K, 0% used [0x00000000d5580000,0x00000000d5580000,0x00000000d5980000)
  from space 1024K, 31% used [0x00000000d5980000,0x00000000d59d0000,0x00000000d5a80000)
  to   space 512K, 0% used [0x00000000d5a80000,0x00000000d5a80000,0x00000000d5b00000)
 ParOldGen       total 891392K, used 890690K [0x0000000080000000, 0x00000000b6680000, 0x00000000d5580000)
  object space 891392K, 99% used [0x0000000080000000,0x00000000b65d0828,0x00000000b6680000)
 Metaspace       used 76106K, committed 77632K, reserved 1179648K
  class space    used 8072K, committed 8704K, reserved 1048576K
}
Event: 83563.315 GC heap before
{Heap before GC invocations=1307 (full 3):
 PSYoungGen      total 5120K, used 4416K [0x00000000d5580000, 0x00000000d5b00000, 0x0000000100000000)
  eden space 4096K, 100% used [0x00000000d5580000,0x00000000d5980000,0x00000000d5980000)
  from space 1024K, 31% used [0x00000000d5980000,0x00000000d59d0000,0x00000000d5a80000)
  to   space 512K, 0% used [0x00000000d5a80000,0x00000000d5a80000,0x00000000d5b00000)
 ParOldGen       total 891392K, used 890690K [0x0000000080000000, 0x00000000b6680000, 0x00000000d5580000)
  object space 891392K, 99% used [0x0000000080000000,0x00000000b65d0828,0x00000000b6680000)
 Metaspace       used 76111K, committed 77632K, reserved 1179648K
  class space    used 8072K, committed 8704K, reserved 1048576K
}
Event: 83563.318 GC heap after
{Heap after GC invocations=1307 (full 3):
 PSYoungGen      total 4608K, used 128K [0x00000000d5580000, 0x00000000d5b00000, 0x0000000100000000)
  eden space 4096K, 0% used [0x00000000d5580000,0x00000000d5580000,0x00000000d5980000)
  from space 512K, 25% used [0x00000000d5a80000,0x00000000d5aa0000,0x00000000d5b00000)
  to   space 512K, 0% used [0x00000000d5a00000,0x00000000d5a00000,0x00000000d5a80000)
 ParOldGen       total 891392K, used 890738K [0x0000000080000000, 0x00000000b6680000, 0x00000000d5580000)
  object space 891392K, 99% used [0x0000000080000000,0x00000000b65dc828,0x00000000b6680000)
 Metaspace       used 76111K, committed 77632K, reserved 1179648K
  class space    used 8072K, committed 8704K, reserved 1048576K
}
Event: 83754.667 GC heap before
{Heap before GC invocations=1308 (full 3):
 PSYoungGen      total 4608K, used 4224K [0x00000000d5580000, 0x00000000d5b00000, 0x0000000100000000)
  eden space 4096K, 100% used [0x00000000d5580000,0x00000000d5980000,0x00000000d5980000)
  from space 512K, 25% used [0x00000000d5a80000,0x00000000d5aa0000,0x00000000d5b00000)
  to   space 512K, 0% used [0x00000000d5a00000,0x00000000d5a00000,0x00000000d5a80000)
 ParOldGen       total 891392K, used 890738K [0x0000000080000000, 0x00000000b6680000, 0x00000000d5580000)
  object space 891392K, 99% used [0x0000000080000000,0x00000000b65dc828,0x00000000b6680000)
 Metaspace       used 76116K, committed 77632K, reserved 1179648K
  class space    used 8072K, committed 8704K, reserved 1048576K
}
Event: 83754.928 GC heap after
{Heap after GC invocations=1308 (full 3):
 PSYoungGen      total 4608K, used 192K [0x00000000d5580000, 0x00000000d5b00000, 0x0000000100000000)
  eden space 4096K, 0% used [0x00000000d5580000,0x00000000d5580000,0x00000000d5980000)
  from space 512K, 37% used [0x00000000d5a00000,0x00000000d5a30000,0x00000000d5a80000)
  to   space 512K, 0% used [0x00000000d5a80000,0x00000000d5a80000,0x00000000d5b00000)
 ParOldGen       total 891392K, used 890738K [0x0000000080000000, 0x00000000b6680000, 0x00000000d5580000)
  object space 891392K, 99% used [0x0000000080000000,0x00000000b65dc828,0x00000000b6680000)
 Metaspace       used 76116K, committed 77632K, reserved 1179648K
  class space    used 8072K, committed 8704K, reserved 1048576K
}

