# JRE version: OpenJDK Runtime Environment Temurin-21.0.8+9 (21.0.8+9) (build 21.0.8+9-LTS)
# Java VM: OpenJDK 64-Bit Server VM Temurin-21.0.8+9 (21.0.8+9-LTS, mixed mode, sharing, tiered, compressed oops, compressed class ptrs, parallel gc, windows-amd64)
GC Precious Log:
 CardTable entry size: 512
 CPUs: 12 total, 12 available
 Memory: 7521M
 Large Page Support: Disabled
 NUMA Support: Disabled
 Compressed Oops: Enabled (32-bit)
 Alignments: Space 512K, Generation 512K, Heap 2M
 Heap Min Capacity: 100M
 Heap Initial Capacity: 100M
 Heap Max Capacity: 2G
 Pre-touch: Disabled
 Parallel Workers: 10
Heap:
 PSYoungGen      total 14336K, used 11135K [0x00000000d5580000, 0x00000000d6580000, 0x0000000100000000)
  eden space 13312K, 76% used [0x00000000d5580000,0x00000000d5f7fff0,0x00000000d6280000)
  from space 1024K, 87% used [0x00000000d6300000,0x00000000d63e0000,0x00000000d6400000)
  to   space 1024K, 0% used [0x00000000d6480000,0x00000000d6480000,0x00000000d6580000)
 ParOldGen       total 87040K, used 72301K [0x0000000080000000, 0x0000000085500000, 0x00000000d5580000)
  object space 87040K, 83% used [0x0000000080000000,0x000000008469b440,0x0000000085500000)
 Metaspace       used 61535K, committed 62912K, reserved 1114112K
  class space    used 6590K, committed 7168K, reserved 1048576K
GC Heap History (20 events):
Event: 11.841 GC heap before
{Heap before GC invocations=65 (full 2):
 PSYoungGen      total 13824K, used 13664K [0x00000000d5580000, 0x00000000d6780000, 0x0000000100000000)
  eden space 13312K, 100% used [0x00000000d5580000,0x00000000d6280000,0x00000000d6280000)
  from space 512K, 68% used [0x00000000d6700000,0x00000000d6758020,0x00000000d6780000)
  to   space 1536K, 0% used [0x00000000d6480000,0x00000000d6480000,0x00000000d6600000)
 ParOldGen       total 86016K, used 85600K [0x0000000080000000, 0x0000000085400000, 0x00000000d5580000)
  object space 86016K, 99% used [0x0000000080000000,0x00000000853982e8,0x0000000085400000)
 Metaspace       used 56420K, committed 57856K, reserved 1114112K
  class space    used 6057K, committed 6656K, reserved 1048576K
}
Event: 11.843 GC heap after
{Heap after GC invocations=65 (full 2):
 PSYoungGen      total 14848K, used 709K [0x00000000d5580000, 0x00000000d6780000, 0x0000000100000000)
  eden space 13312K, 0% used [0x00000000d5580000,0x00000000d5580000,0x00000000d6280000)
  from space 1536K, 46% used [0x00000000d6480000,0x00000000d6531568,0x00000000d6600000)
  to   space 1024K, 0% used [0x00000000d6680000,0x00000000d6680000,0x00000000d6780000)
 ParOldGen       total 86016K, used 85800K [0x0000000080000000, 0x0000000085400000, 0x00000000d5580000)
  object space 86016K, 99% used [0x0000000080000000,0x00000000853ca308,0x0000000085400000)
 Metaspace       used 56420K, committed 57856K, reserved 1114112K
  class space    used 6057K, committed 6656K, reserved 1048576K
}
Event: 11.992 GC heap before
{Heap before GC invocations=66 (full 2):
 PSYoungGen      total 14848K, used 13965K [0x00000000d5580000, 0x00000000d6780000, 0x0000000100000000)
  eden space 13312K, 99% used [0x00000000d5580000,0x00000000d6271fd8,0x00000000d6280000)
  from space 1536K, 46% used [0x00000000d6480000,0x00000000d6531568,0x00000000d6600000)
  to   space 1024K, 0% used [0x00000000d6680000,0x00000000d6680000,0x00000000d6780000)
 ParOldGen       total 86016K, used 85800K [0x0000000080000000, 0x0000000085400000, 0x00000000d5580000)
  object space 86016K, 99% used [0x0000000080000000,0x00000000853ca308,0x0000000085400000)
 Metaspace       used 56776K, committed 58304K, reserved 1114112K
  class space    used 6121K, committed 6720K, reserved 1048576K
}
Event: 11.993 GC heap after
{Heap after GC invocations=66 (full 2):
 PSYoungGen      total 14336K, used 677K [0x00000000d5580000, 0x00000000d6780000, 0x0000000100000000)
  eden space 13312K, 0% used [0x00000000d5580000,0x00000000d5580000,0x00000000d6280000)
  from space 1024K, 66% used [0x00000000d6680000,0x00000000d6729578,0x00000000d6780000)
  to   space 1024K, 0% used [0x00000000d6580000,0x00000000d6580000,0x00000000d6680000)
 ParOldGen       total 86528K, used 86222K [0x0000000080000000, 0x0000000085480000, 0x00000000d5580000)
  object space 86528K, 99% used [0x0000000080000000,0x0000000085433960,0x0000000085480000)
 Metaspace       used 56776K, committed 58304K, reserved 1114112K
  class space    used 6121K, committed 6720K, reserved 1048576K
}
Event: 12.276 GC heap before
{Heap before GC invocations=67 (full 2):
 PSYoungGen      total 14336K, used 13948K [0x00000000d5580000, 0x00000000d6780000, 0x0000000100000000)
  eden space 13312K, 99% used [0x00000000d5580000,0x00000000d6275c60,0x00000000d6280000)
  from space 1024K, 66% used [0x00000000d6680000,0x00000000d6729578,0x00000000d6780000)
  to   space 1024K, 0% used [0x00000000d6580000,0x00000000d6580000,0x00000000d6680000)
 ParOldGen       total 86528K, used 86222K [0x0000000080000000, 0x0000000085480000, 0x00000000d5580000)
  object space 86528K, 99% used [0x0000000080000000,0x0000000085433960,0x0000000085480000)
 Metaspace       used 57557K, committed 59008K, reserved 1114112K
  class space    used 6193K, committed 6784K, reserved 1048576K
}
Event: 12.277 GC heap after
{Heap after GC invocations=67 (full 2):
 PSYoungGen      total 14336K, used 288K [0x00000000d5580000, 0x00000000d6700000, 0x0000000100000000)
  eden space 13312K, 0% used [0x00000000d5580000,0x00000000d5580000,0x00000000d6280000)
  from space 1024K, 28% used [0x00000000d6580000,0x00000000d65c8000,0x00000000d6680000)
  to   space 512K, 0% used [0x00000000d6680000,0x00000000d6680000,0x00000000d6700000)
 ParOldGen       total 86528K, used 86526K [0x0000000080000000, 0x0000000085480000, 0x00000000d5580000)
  object space 86528K, 99% used [0x0000000080000000,0x000000008547f980,0x0000000085480000)
 Metaspace       used 57557K, committed 59008K, reserved 1114112K
  class space    used 6193K, committed 6784K, reserved 1048576K
}
Event: 12.376 GC heap before
{Heap before GC invocations=68 (full 2):
 PSYoungGen      total 14336K, used 8026K [0x00000000d5580000, 0x00000000d6700000, 0x0000000100000000)
  eden space 13312K, 58% used [0x00000000d5580000,0x00000000d5d0ebf8,0x00000000d6280000)
  from space 1024K, 28% used [0x00000000d6580000,0x00000000d65c8000,0x00000000d6680000)
  to   space 512K, 0% used [0x00000000d6680000,0x00000000d6680000,0x00000000d6700000)
 ParOldGen       total 86528K, used 86526K [0x0000000080000000, 0x0000000085480000, 0x00000000d5580000)
  object space 86528K, 99% used [0x0000000080000000,0x000000008547f980,0x0000000085480000)
 Metaspace       used 58344K, committed 59776K, reserved 1114112K
  class space    used 6264K, committed 6848K, reserved 1048576K
}
Event: 12.377 GC heap after
{Heap after GC invocations=68 (full 2):
 PSYoungGen      total 13824K, used 512K [0x00000000d5580000, 0x00000000d6700000, 0x0000000100000000)
  eden space 13312K, 0% used [0x00000000d5580000,0x00000000d5580000,0x00000000d6280000)
  from space 512K, 100% used [0x00000000d6680000,0x00000000d6700000,0x00000000d6700000)
  to   space 1024K, 0% used [0x00000000d6500000,0x00000000d6500000,0x00000000d6600000)
 ParOldGen       total 87040K, used 86710K [0x0000000080000000, 0x0000000085500000, 0x00000000d5580000)
  object space 87040K, 99% used [0x0000000080000000,0x00000000854ad980,0x0000000085500000)
 Metaspace       used 58344K, committed 59776K, reserved 1114112K
  class space    used 6264K, committed 6848K, reserved 1048576K
}
Event: 12.377 GC heap before
{Heap before GC invocations=69 (full 3):
 PSYoungGen      total 13824K, used 512K [0x00000000d5580000, 0x00000000d6700000, 0x0000000100000000)
  eden space 13312K, 0% used [0x00000000d5580000,0x00000000d5580000,0x00000000d6280000)
  from space 512K, 100% used [0x00000000d6680000,0x00000000d6700000,0x00000000d6700000)
  to   space 1024K, 0% used [0x00000000d6500000,0x00000000d6500000,0x00000000d6600000)
 ParOldGen       total 87040K, used 86710K [0x0000000080000000, 0x0000000085500000, 0x00000000d5580000)
  object space 87040K, 99% used [0x0000000080000000,0x00000000854ad980,0x0000000085500000)
 Metaspace       used 58344K, committed 59776K, reserved 1114112K
  class space    used 6264K, committed 6848K, reserved 1048576K
}
Event: 12.470 GC heap after
{Heap after GC invocations=69 (full 3):
 PSYoungGen      total 13824K, used 0K [0x00000000d5580000, 0x00000000d6700000, 0x0000000100000000)
  eden space 13312K, 0% used [0x00000000d5580000,0x00000000d5580000,0x00000000d6280000)
  from space 512K, 0% used [0x00000000d6680000,0x00000000d6680000,0x00000000d6700000)
  to   space 1024K, 0% used [0x00000000d6500000,0x00000000d6500000,0x00000000d6600000)
 ParOldGen       total 87040K, used 68363K [0x0000000080000000, 0x0000000085500000, 0x00000000d5580000)
  object space 87040K, 78% used [0x0000000080000000,0x00000000842c2e18,0x0000000085500000)
 Metaspace       used 58337K, committed 59776K, reserved 1114112K
  class space    used 6262K, committed 6848K, reserved 1048576K
}
Event: 12.501 GC heap before
{Heap before GC invocations=70 (full 3):
 PSYoungGen      total 13824K, used 13312K [0x00000000d5580000, 0x00000000d6700000, 0x0000000100000000)
  eden space 13312K, 100% used [0x00000000d5580000,0x00000000d6280000,0x00000000d6280000)
  from space 512K, 0% used [0x00000000d6680000,0x00000000d6680000,0x00000000d6700000)
  to   space 1024K, 0% used [0x00000000d6500000,0x00000000d6500000,0x00000000d6600000)
 ParOldGen       total 87040K, used 68363K [0x0000000080000000, 0x0000000085500000, 0x00000000d5580000)
  object space 87040K, 78% used [0x0000000080000000,0x00000000842c2e18,0x0000000085500000)
 Metaspace       used 58522K, committed 60032K, reserved 1114112K
  class space    used 6278K, committed 6912K, reserved 1048576K
}
Event: 12.502 GC heap after
{Heap after GC invocations=70 (full 3):
 PSYoungGen      total 14336K, used 1022K [0x00000000d5580000, 0x00000000d6980000, 0x0000000100000000)
  eden space 13312K, 0% used [0x00000000d5580000,0x00000000d5580000,0x00000000d6280000)
  from space 1024K, 99% used [0x00000000d6500000,0x00000000d65ffbc0,0x00000000d6600000)
  to   space 3584K, 0% used [0x00000000d6600000,0x00000000d6600000,0x00000000d6980000)
 ParOldGen       total 87040K, used 70191K [0x0000000080000000, 0x0000000085500000, 0x00000000d5580000)
  object space 87040K, 80% used [0x0000000080000000,0x000000008448bd40,0x0000000085500000)
 Metaspace       used 58522K, committed 60032K, reserved 1114112K
  class space    used 6278K, committed 6912K, reserved 1048576K
}
Event: 12.536 GC heap before
{Heap before GC invocations=71 (full 3):
 PSYoungGen      total 14336K, used 14334K [0x00000000d5580000, 0x00000000d6980000, 0x0000000100000000)
  eden space 13312K, 100% used [0x00000000d5580000,0x00000000d6280000,0x00000000d6280000)
  from space 1024K, 99% used [0x00000000d6500000,0x00000000d65ffbc0,0x00000000d6600000)
  to   space 3584K, 0% used [0x00000000d6600000,0x00000000d6600000,0x00000000d6980000)
 ParOldGen       total 87040K, used 70191K [0x0000000080000000, 0x0000000085500000, 0x00000000d5580000)
  object space 87040K, 80% used [0x0000000080000000,0x000000008448bd40,0x0000000085500000)
 Metaspace       used 58637K, committed 60160K, reserved 1114112K
  class space    used 6294K, committed 6912K, reserved 1048576K
}
Event: 12.538 GC heap after
{Heap after GC invocations=71 (full 3):
 PSYoungGen      total 15360K, used 1982K [0x00000000d5580000, 0x00000000d6800000, 0x0000000100000000)
  eden space 13312K, 0% used [0x00000000d5580000,0x00000000d5580000,0x00000000d6280000)
  from space 2048K, 96% used [0x00000000d6600000,0x00000000d67efab0,0x00000000d6800000)
  to   space 2560K, 0% used [0x00000000d6300000,0x00000000d6300000,0x00000000d6580000)
 ParOldGen       total 87040K, used 70829K [0x0000000080000000, 0x0000000085500000, 0x00000000d5580000)
  object space 87040K, 81% used [0x0000000080000000,0x000000008452b430,0x0000000085500000)
 Metaspace       used 58637K, committed 60160K, reserved 1114112K
  class space    used 6294K, committed 6912K, reserved 1048576K
}
Event: 12.563 GC heap before
{Heap before GC invocations=72 (full 3):
 PSYoungGen      total 15360K, used 15294K [0x00000000d5580000, 0x00000000d6800000, 0x0000000100000000)
  eden space 13312K, 100% used [0x00000000d5580000,0x00000000d6280000,0x00000000d6280000)
  from space 2048K, 96% used [0x00000000d6600000,0x00000000d67efab0,0x00000000d6800000)
  to   space 2560K, 0% used [0x00000000d6300000,0x00000000d6300000,0x00000000d6580000)
 ParOldGen       total 87040K, used 70829K [0x0000000080000000, 0x0000000085500000, 0x00000000d5580000)
  object space 87040K, 81% used [0x0000000080000000,0x000000008452b430,0x0000000085500000)
 Metaspace       used 58712K, committed 60224K, reserved 1114112K
  class space    used 6304K, committed 6912K, reserved 1048576K
}
Event: 12.564 GC heap after
{Heap after GC invocations=72 (full 3):
 PSYoungGen      total 14336K, used 777K [0x00000000d5580000, 0x00000000d6680000, 0x0000000100000000)
  eden space 13312K, 0% used [0x00000000d5580000,0x00000000d5580000,0x00000000d6280000)
  from space 1024K, 75% used [0x00000000d6300000,0x00000000d63c27f8,0x00000000d6400000)
  to   space 1536K, 0% used [0x00000000d6500000,0x00000000d6500000,0x00000000d6680000)
 ParOldGen       total 87040K, used 71733K [0x0000000080000000, 0x0000000085500000, 0x00000000d5580000)
  object space 87040K, 82% used [0x0000000080000000,0x000000008460d440,0x0000000085500000)
 Metaspace       used 58712K, committed 60224K, reserved 1114112K
  class space    used 6304K, committed 6912K, reserved 1048576K
}
Event: 12.631 GC heap before
{Heap before GC invocations=73 (full 3):
 PSYoungGen      total 14336K, used 14089K [0x00000000d5580000, 0x00000000d6680000, 0x0000000100000000)
  eden space 13312K, 100% used [0x00000000d5580000,0x00000000d6280000,0x00000000d6280000)
  from space 1024K, 75% used [0x00000000d6300000,0x00000000d63c27f8,0x00000000d6400000)
  to   space 1536K, 0% used [0x00000000d6500000,0x00000000d6500000,0x00000000d6680000)
 ParOldGen       total 87040K, used 71733K [0x0000000080000000, 0x0000000085500000, 0x00000000d5580000)
  object space 87040K, 82% used [0x0000000080000000,0x000000008460d440,0x0000000085500000)
 Metaspace       used 59963K, committed 61440K, reserved 1114112K
  class space    used 6418K, committed 7040K, reserved 1048576K
}
Event: 12.632 GC heap after
{Heap after GC invocations=73 (full 3):
 PSYoungGen      total 14336K, used 640K [0x00000000d5580000, 0x00000000d6600000, 0x0000000100000000)
  eden space 13312K, 0% used [0x00000000d5580000,0x00000000d5580000,0x00000000d6280000)
  from space 1024K, 62% used [0x00000000d6500000,0x00000000d65a0000,0x00000000d6600000)
  to   space 1024K, 0% used [0x00000000d6300000,0x00000000d6300000,0x00000000d6400000)
 ParOldGen       total 87040K, used 71797K [0x0000000080000000, 0x0000000085500000, 0x00000000d5580000)
  object space 87040K, 82% used [0x0000000080000000,0x000000008461d440,0x0000000085500000)
 Metaspace       used 59963K, committed 61440K, reserved 1114112K
  class space    used 6418K, committed 7040K, reserved 1048576K
}
Event: 12.920 GC heap before
{Heap before GC invocations=74 (full 3):
 PSYoungGen      total 14336K, used 13952K [0x00000000d5580000, 0x00000000d6600000, 0x0000000100000000)
  eden space 13312K, 100% used [0x00000000d5580000,0x00000000d6280000,0x00000000d6280000)
  from space 1024K, 62% used [0x00000000d6500000,0x00000000d65a0000,0x00000000d6600000)
  to   space 1024K, 0% used [0x00000000d6300000,0x00000000d6300000,0x00000000d6400000)
 ParOldGen       total 87040K, used 71797K [0x0000000080000000, 0x0000000085500000, 0x00000000d5580000)
  object space 87040K, 82% used [0x0000000080000000,0x000000008461d440,0x0000000085500000)
 Metaspace       used 61246K, committed 62720K, reserved 1114112K
  class space    used 6566K, committed 7168K, reserved 1048576K
}
Event: 12.922 GC heap after
{Heap after GC invocations=74 (full 3):
 PSYoungGen      total 14336K, used 896K [0x00000000d5580000, 0x00000000d6580000, 0x0000000100000000)
  eden space 13312K, 0% used [0x00000000d5580000,0x00000000d5580000,0x00000000d6280000)
  from space 1024K, 87% used [0x00000000d6300000,0x00000000d63e0000,0x00000000d6400000)
  to   space 1024K, 0% used [0x00000000d6480000,0x00000000d6480000,0x00000000d6580000)
 ParOldGen       total 87040K, used 72301K [0x0000000080000000, 0x0000000085500000, 0x00000000d5580000)
  object space 87040K, 83% used [0x0000000080000000,0x000000008469b440,0x0000000085500000)
 Metaspace       used 61246K, committed 62720K, reserved 1114112K
  class space    used 6566K, committed 7168K, reserved 1048576K
}

