# JRE version: OpenJDK Runtime Environment Temurin-21.0.8+9 (21.0.8+9) (build 21.0.8+9-LTS)
# Java VM: OpenJDK 64-Bit Server VM Temurin-21.0.8+9 (21.0.8+9-LTS, mixed mode, sharing, tiered, compressed oops, compressed class ptrs, parallel gc, windows-amd64)
GC Precious Log:
 CardTable entry size: 512
 CPUs: 12 total, 12 available
 Memory: 7521M
 Large Page Support: Disabled
 NUMA Support: Disabled
 Compressed Oops: Enabled (32-bit)
 Alignments: Space 512K, Generation 512K, Heap 2M
 Heap Min Capacity: 100M
 Heap Initial Capacity: 100M
 Heap Max Capacity: 2G
 Pre-touch: Disabled
 Parallel Workers: 10
Heap:
 PSYoungGen      total 18944K, used 12052K [0x00000000d5580000, 0x00000000d6980000, 0x0000000100000000)
  eden space 17920K, 63% used [0x00000000d5580000,0x00000000d608e638,0x00000000d6700000)
  from space 1024K, 71% used [0x00000000d6880000,0x00000000d69369e8,0x00000000d6980000)
  to   space 1024K, 0% used [0x00000000d6780000,0x00000000d6780000,0x00000000d6880000)
 ParOldGen       total 69120K, used 69005K [0x0000000080000000, 0x0000000084380000, 0x00000000d5580000)
  object space 69120K, 99% used [0x0000000080000000,0x00000000843636c8,0x0000000084380000)
 Metaspace       used 54051K, committed 55360K, reserved 1114112K
  class space    used 5830K, committed 6400K, reserved 1048576K
GC Heap History (20 events):
Event: 13.894 GC heap before
{Heap before GC invocations=47 (full 2):
 PSYoungGen      total 18944K, used 18483K [0x00000000d5580000, 0x00000000d6980000, 0x0000000100000000)
  eden space 17920K, 100% used [0x00000000d5580000,0x00000000d6700000,0x00000000d6700000)
  from space 1024K, 55% used [0x00000000d6880000,0x00000000d690ce88,0x00000000d6980000)
  to   space 1024K, 0% used [0x00000000d6700000,0x00000000d6700000,0x00000000d6800000)
 ParOldGen       total 68608K, used 65741K [0x0000000080000000, 0x0000000084300000, 0x00000000d5580000)
  object space 68608K, 95% used [0x0000000080000000,0x00000000840337d0,0x0000000084300000)
 Metaspace       used 52346K, committed 53760K, reserved 1114112K
  class space    used 5614K, committed 6208K, reserved 1048576K
}
Event: 13.895 GC heap after
{Heap after GC invocations=47 (full 2):
 PSYoungGen      total 18944K, used 728K [0x00000000d5580000, 0x00000000d6900000, 0x0000000100000000)
  eden space 17920K, 0% used [0x00000000d5580000,0x00000000d5580000,0x00000000d6700000)
  from space 1024K, 71% used [0x00000000d6700000,0x00000000d67b63b0,0x00000000d6800000)
  to   space 1024K, 0% used [0x00000000d6800000,0x00000000d6800000,0x00000000d6900000)
 ParOldGen       total 68608K, used 65813K [0x0000000080000000, 0x0000000084300000, 0x00000000d5580000)
  object space 68608K, 95% used [0x0000000080000000,0x00000000840457d0,0x0000000084300000)
 Metaspace       used 52346K, committed 53760K, reserved 1114112K
  class space    used 5614K, committed 6208K, reserved 1048576K
}
Event: 13.949 GC heap before
{Heap before GC invocations=48 (full 2):
 PSYoungGen      total 18944K, used 18648K [0x00000000d5580000, 0x00000000d6900000, 0x0000000100000000)
  eden space 17920K, 100% used [0x00000000d5580000,0x00000000d6700000,0x00000000d6700000)
  from space 1024K, 71% used [0x00000000d6700000,0x00000000d67b63b0,0x00000000d6800000)
  to   space 1024K, 0% used [0x00000000d6800000,0x00000000d6800000,0x00000000d6900000)
 ParOldGen       total 68608K, used 65813K [0x0000000080000000, 0x0000000084300000, 0x00000000d5580000)
  object space 68608K, 95% used [0x0000000080000000,0x00000000840457d0,0x0000000084300000)
 Metaspace       used 52398K, committed 53760K, reserved 1114112K
  class space    used 5619K, committed 6208K, reserved 1048576K
}
Event: 13.951 GC heap after
{Heap after GC invocations=48 (full 2):
 PSYoungGen      total 18944K, used 491K [0x00000000d5580000, 0x00000000d6900000, 0x0000000100000000)
  eden space 17920K, 0% used [0x00000000d5580000,0x00000000d5580000,0x00000000d6700000)
  from space 1024K, 48% used [0x00000000d6800000,0x00000000d687af58,0x00000000d6900000)
  to   space 1024K, 0% used [0x00000000d6700000,0x00000000d6700000,0x00000000d6800000)
 ParOldGen       total 68608K, used 65909K [0x0000000080000000, 0x0000000084300000, 0x00000000d5580000)
  object space 68608K, 96% used [0x0000000080000000,0x000000008405d7d0,0x0000000084300000)
 Metaspace       used 52398K, committed 53760K, reserved 1114112K
  class space    used 5619K, committed 6208K, reserved 1048576K
}
Event: 14.030 GC heap before
{Heap before GC invocations=49 (full 2):
 PSYoungGen      total 18944K, used 18411K [0x00000000d5580000, 0x00000000d6900000, 0x0000000100000000)
  eden space 17920K, 100% used [0x00000000d5580000,0x00000000d6700000,0x00000000d6700000)
  from space 1024K, 48% used [0x00000000d6800000,0x00000000d687af58,0x00000000d6900000)
  to   space 1024K, 0% used [0x00000000d6700000,0x00000000d6700000,0x00000000d6800000)
 ParOldGen       total 68608K, used 65909K [0x0000000080000000, 0x0000000084300000, 0x00000000d5580000)
  object space 68608K, 96% used [0x0000000080000000,0x000000008405d7d0,0x0000000084300000)
 Metaspace       used 52443K, committed 53760K, reserved 1114112K
  class space    used 5624K, committed 6208K, reserved 1048576K
}
Event: 14.035 GC heap after
{Heap after GC invocations=49 (full 2):
 PSYoungGen      total 18944K, used 384K [0x00000000d5580000, 0x00000000d6880000, 0x0000000100000000)
  eden space 17920K, 0% used [0x00000000d5580000,0x00000000d5580000,0x00000000d6700000)
  from space 1024K, 37% used [0x00000000d6700000,0x00000000d6760000,0x00000000d6800000)
  to   space 512K, 0% used [0x00000000d6800000,0x00000000d6800000,0x00000000d6880000)
 ParOldGen       total 68608K, used 66021K [0x0000000080000000, 0x0000000084300000, 0x00000000d5580000)
  object space 68608K, 96% used [0x0000000080000000,0x00000000840797d0,0x0000000084300000)
 Metaspace       used 52443K, committed 53760K, reserved 1114112K
  class space    used 5624K, committed 6208K, reserved 1048576K
}
Event: 14.087 GC heap before
{Heap before GC invocations=50 (full 2):
 PSYoungGen      total 18944K, used 18304K [0x00000000d5580000, 0x00000000d6880000, 0x0000000100000000)
  eden space 17920K, 100% used [0x00000000d5580000,0x00000000d6700000,0x00000000d6700000)
  from space 1024K, 37% used [0x00000000d6700000,0x00000000d6760000,0x00000000d6800000)
  to   space 512K, 0% used [0x00000000d6800000,0x00000000d6800000,0x00000000d6880000)
 ParOldGen       total 68608K, used 66021K [0x0000000080000000, 0x0000000084300000, 0x00000000d5580000)
  object space 68608K, 96% used [0x0000000080000000,0x00000000840797d0,0x0000000084300000)
 Metaspace       used 52447K, committed 53760K, reserved 1114112K
  class space    used 5624K, committed 6208K, reserved 1048576K
}
Event: 14.089 GC heap after
{Heap after GC invocations=50 (full 2):
 PSYoungGen      total 18432K, used 352K [0x00000000d5580000, 0x00000000d6880000, 0x0000000100000000)
  eden space 17920K, 0% used [0x00000000d5580000,0x00000000d5580000,0x00000000d6700000)
  from space 512K, 68% used [0x00000000d6800000,0x00000000d6858000,0x00000000d6880000)
  to   space 512K, 0% used [0x00000000d6780000,0x00000000d6780000,0x00000000d6800000)
 ParOldGen       total 68608K, used 66149K [0x0000000080000000, 0x0000000084300000, 0x00000000d5580000)
  object space 68608K, 96% used [0x0000000080000000,0x00000000840997d0,0x0000000084300000)
 Metaspace       used 52447K, committed 53760K, reserved 1114112K
  class space    used 5624K, committed 6208K, reserved 1048576K
}
Event: 14.141 GC heap before
{Heap before GC invocations=51 (full 2):
 PSYoungGen      total 18432K, used 18272K [0x00000000d5580000, 0x00000000d6880000, 0x0000000100000000)
  eden space 17920K, 100% used [0x00000000d5580000,0x00000000d6700000,0x00000000d6700000)
  from space 512K, 68% used [0x00000000d6800000,0x00000000d6858000,0x00000000d6880000)
  to   space 512K, 0% used [0x00000000d6780000,0x00000000d6780000,0x00000000d6800000)
 ParOldGen       total 68608K, used 66149K [0x0000000080000000, 0x0000000084300000, 0x00000000d5580000)
  object space 68608K, 96% used [0x0000000080000000,0x00000000840997d0,0x0000000084300000)
 Metaspace       used 52447K, committed 53760K, reserved 1114112K
  class space    used 5624K, committed 6208K, reserved 1048576K
}
Event: 14.142 GC heap after
{Heap after GC invocations=51 (full 2):
 PSYoungGen      total 18432K, used 354K [0x00000000d5580000, 0x00000000d6880000, 0x0000000100000000)
  eden space 17920K, 0% used [0x00000000d5580000,0x00000000d5580000,0x00000000d6700000)
  from space 512K, 69% used [0x00000000d6780000,0x00000000d67d8a48,0x00000000d6800000)
  to   space 512K, 0% used [0x00000000d6800000,0x00000000d6800000,0x00000000d6880000)
 ParOldGen       total 68608K, used 66229K [0x0000000080000000, 0x0000000084300000, 0x00000000d5580000)
  object space 68608K, 96% used [0x0000000080000000,0x00000000840ad7d0,0x0000000084300000)
 Metaspace       used 52447K, committed 53760K, reserved 1114112K
  class space    used 5624K, committed 6208K, reserved 1048576K
}
Event: 14.198 GC heap before
{Heap before GC invocations=52 (full 2):
 PSYoungGen      total 18432K, used 18274K [0x00000000d5580000, 0x00000000d6880000, 0x0000000100000000)
  eden space 17920K, 100% used [0x00000000d5580000,0x00000000d6700000,0x00000000d6700000)
  from space 512K, 69% used [0x00000000d6780000,0x00000000d67d8a48,0x00000000d6800000)
  to   space 512K, 0% used [0x00000000d6800000,0x00000000d6800000,0x00000000d6880000)
 ParOldGen       total 68608K, used 66229K [0x0000000080000000, 0x0000000084300000, 0x00000000d5580000)
  object space 68608K, 96% used [0x0000000080000000,0x00000000840ad7d0,0x0000000084300000)
 Metaspace       used 52458K, committed 53760K, reserved 1114112K
  class space    used 5624K, committed 6208K, reserved 1048576K
}
Event: 14.199 GC heap after
{Heap after GC invocations=52 (full 2):
 PSYoungGen      total 18432K, used 367K [0x00000000d5580000, 0x00000000d6880000, 0x0000000100000000)
  eden space 17920K, 0% used [0x00000000d5580000,0x00000000d5580000,0x00000000d6700000)
  from space 512K, 71% used [0x00000000d6800000,0x00000000d685be18,0x00000000d6880000)
  to   space 512K, 0% used [0x00000000d6780000,0x00000000d6780000,0x00000000d6800000)
 ParOldGen       total 68608K, used 66325K [0x0000000080000000, 0x0000000084300000, 0x00000000d5580000)
  object space 68608K, 96% used [0x0000000080000000,0x00000000840c57d0,0x0000000084300000)
 Metaspace       used 52458K, committed 53760K, reserved 1114112K
  class space    used 5624K, committed 6208K, reserved 1048576K
}
Event: 14.276 GC heap before
{Heap before GC invocations=53 (full 2):
 PSYoungGen      total 18432K, used 18287K [0x00000000d5580000, 0x00000000d6880000, 0x0000000100000000)
  eden space 17920K, 100% used [0x00000000d5580000,0x00000000d6700000,0x00000000d6700000)
  from space 512K, 71% used [0x00000000d6800000,0x00000000d685be18,0x00000000d6880000)
  to   space 512K, 0% used [0x00000000d6780000,0x00000000d6780000,0x00000000d6800000)
 ParOldGen       total 68608K, used 66325K [0x0000000080000000, 0x0000000084300000, 0x00000000d5580000)
  object space 68608K, 96% used [0x0000000080000000,0x00000000840c57d0,0x0000000084300000)
 Metaspace       used 52554K, committed 53952K, reserved 1114112K
  class space    used 5637K, committed 6272K, reserved 1048576K
}
Event: 14.277 GC heap after
{Heap after GC invocations=53 (full 2):
 PSYoungGen      total 18432K, used 487K [0x00000000d5580000, 0x00000000d6b00000, 0x0000000100000000)
  eden space 17920K, 0% used [0x00000000d5580000,0x00000000d5580000,0x00000000d6700000)
  from space 512K, 95% used [0x00000000d6780000,0x00000000d67f9c68,0x00000000d6800000)
  to   space 2048K, 0% used [0x00000000d6900000,0x00000000d6900000,0x00000000d6b00000)
 ParOldGen       total 68608K, used 67370K [0x0000000080000000, 0x0000000084300000, 0x00000000d5580000)
  object space 68608K, 98% used [0x0000000080000000,0x00000000841caad8,0x0000000084300000)
 Metaspace       used 52554K, committed 53952K, reserved 1114112K
  class space    used 5637K, committed 6272K, reserved 1048576K
}
Event: 14.304 GC heap before
{Heap before GC invocations=54 (full 2):
 PSYoungGen      total 18432K, used 18407K [0x00000000d5580000, 0x00000000d6b00000, 0x0000000100000000)
  eden space 17920K, 100% used [0x00000000d5580000,0x00000000d6700000,0x00000000d6700000)
  from space 512K, 95% used [0x00000000d6780000,0x00000000d67f9c68,0x00000000d6800000)
  to   space 2048K, 0% used [0x00000000d6900000,0x00000000d6900000,0x00000000d6b00000)
 ParOldGen       total 68608K, used 67370K [0x0000000080000000, 0x0000000084300000, 0x00000000d5580000)
  object space 68608K, 98% used [0x0000000080000000,0x00000000841caad8,0x0000000084300000)
 Metaspace       used 52554K, committed 53952K, reserved 1114112K
  class space    used 5637K, committed 6272K, reserved 1048576K
}
Event: 14.306 GC heap after
{Heap after GC invocations=54 (full 2):
 PSYoungGen      total 18944K, used 896K [0x00000000d5580000, 0x00000000d6a00000, 0x0000000100000000)
  eden space 17920K, 0% used [0x00000000d5580000,0x00000000d5580000,0x00000000d6700000)
  from space 1024K, 87% used [0x00000000d6900000,0x00000000d69e0000,0x00000000d6a00000)
  to   space 1536K, 0% used [0x00000000d6700000,0x00000000d6700000,0x00000000d6880000)
 ParOldGen       total 68608K, used 67861K [0x0000000080000000, 0x0000000084300000, 0x00000000d5580000)
  object space 68608K, 98% used [0x0000000080000000,0x00000000842456b8,0x0000000084300000)
 Metaspace       used 52554K, committed 53952K, reserved 1114112K
  class space    used 5637K, committed 6272K, reserved 1048576K
}
Event: 14.384 GC heap before
{Heap before GC invocations=55 (full 2):
 PSYoungGen      total 18944K, used 18816K [0x00000000d5580000, 0x00000000d6a00000, 0x0000000100000000)
  eden space 17920K, 100% used [0x00000000d5580000,0x00000000d6700000,0x00000000d6700000)
  from space 1024K, 87% used [0x00000000d6900000,0x00000000d69e0000,0x00000000d6a00000)
  to   space 1536K, 0% used [0x00000000d6700000,0x00000000d6700000,0x00000000d6880000)
 ParOldGen       total 68608K, used 67861K [0x0000000080000000, 0x0000000084300000, 0x00000000d5580000)
  object space 68608K, 98% used [0x0000000080000000,0x00000000842456b8,0x0000000084300000)
 Metaspace       used 52560K, committed 53952K, reserved 1114112K
  class space    used 5637K, committed 6272K, reserved 1048576K
}
Event: 14.385 GC heap after
{Heap after GC invocations=55 (full 2):
 PSYoungGen      total 19456K, used 576K [0x00000000d5580000, 0x00000000d6980000, 0x0000000100000000)
  eden space 17920K, 0% used [0x00000000d5580000,0x00000000d5580000,0x00000000d6700000)
  from space 1536K, 37% used [0x00000000d6700000,0x00000000d6790000,0x00000000d6880000)
  to   space 1024K, 0% used [0x00000000d6880000,0x00000000d6880000,0x00000000d6980000)
 ParOldGen       total 69120K, used 68637K [0x0000000080000000, 0x0000000084380000, 0x00000000d5580000)
  object space 69120K, 99% used [0x0000000080000000,0x00000000843076c8,0x0000000084380000)
 Metaspace       used 52560K, committed 53952K, reserved 1114112K
  class space    used 5637K, committed 6272K, reserved 1048576K
}
Event: 14.655 GC heap before
{Heap before GC invocations=56 (full 2):
 PSYoungGen      total 19456K, used 18496K [0x00000000d5580000, 0x00000000d6980000, 0x0000000100000000)
  eden space 17920K, 100% used [0x00000000d5580000,0x00000000d6700000,0x00000000d6700000)
  from space 1536K, 37% used [0x00000000d6700000,0x00000000d6790000,0x00000000d6880000)
  to   space 1024K, 0% used [0x00000000d6880000,0x00000000d6880000,0x00000000d6980000)
 ParOldGen       total 69120K, used 68637K [0x0000000080000000, 0x0000000084380000, 0x00000000d5580000)
  object space 69120K, 99% used [0x0000000080000000,0x00000000843076c8,0x0000000084380000)
 Metaspace       used 52762K, committed 54080K, reserved 1114112K
  class space    used 5663K, committed 6272K, reserved 1048576K
}
Event: 14.656 GC heap after
{Heap after GC invocations=56 (full 2):
 PSYoungGen      total 18944K, used 730K [0x00000000d5580000, 0x00000000d6980000, 0x0000000100000000)
  eden space 17920K, 0% used [0x00000000d5580000,0x00000000d5580000,0x00000000d6700000)
  from space 1024K, 71% used [0x00000000d6880000,0x00000000d69369e8,0x00000000d6980000)
  to   space 1024K, 0% used [0x00000000d6780000,0x00000000d6780000,0x00000000d6880000)
 ParOldGen       total 69120K, used 69005K [0x0000000080000000, 0x0000000084380000, 0x00000000d5580000)
  object space 69120K, 99% used [0x0000000080000000,0x00000000843636c8,0x0000000084380000)
 Metaspace       used 52762K, committed 54080K, reserved 1114112K
  class space    used 5663K, committed 6272K, reserved 1048576K
}

