# JRE version: OpenJDK Runtime Environment Temurin-21.0.8+9 (21.0.8+9) (build 21.0.8+9-LTS)
# Java VM: OpenJDK 64-Bit Server VM Temurin-21.0.8+9 (21.0.8+9-LTS, mixed mode, sharing, tiered, compressed oops, compressed class ptrs, parallel gc, windows-amd64)
GC Precious Log:
 CardTable entry size: 512
 CPUs: 12 total, 12 available
 Memory: 7521M
 Large Page Support: Disabled
 NUMA Support: Disabled
 Compressed Oops: Enabled (32-bit)
 Alignments: Space 512K, Generation 512K, Heap 2M
 Heap Min Capacity: 100M
 Heap Initial Capacity: 100M
 Heap Max Capacity: 2G
 Pre-touch: Disabled
 Parallel Workers: 10
Heap:
 PSYoungGen      total 12800K, used 7210K [0x00000000d5580000, 0x00000000d6480000, 0x0000000100000000)
  eden space 12288K, 55% used [0x00000000d5580000,0x00000000d5c342c0,0x00000000d6180000)
  from space 512K, 67% used [0x00000000d6180000,0x00000000d61d6900,0x00000000d6200000)
  to   space 1536K, 0% used [0x00000000d6300000,0x00000000d6300000,0x00000000d6480000)
 ParOldGen       total 86016K, used 85779K [0x0000000080000000, 0x0000000085400000, 0x00000000d5580000)
  object space 86016K, 99% used [0x0000000080000000,0x00000000853c4f90,0x0000000085400000)
 Metaspace       used 62664K, committed 64192K, reserved 1114112K
  class space    used 6672K, committed 7296K, reserved 1048576K
GC Heap History (20 events):
Event: 21.190 GC heap before
{Heap before GC invocations=85 (full 3):
 PSYoungGen      total 15360K, used 15264K [0x00000000d5580000, 0x00000000d6b80000, 0x0000000100000000)
  eden space 13312K, 100% used [0x00000000d5580000,0x00000000d6280000,0x00000000d6280000)
  from space 2048K, 95% used [0x00000000d6280000,0x00000000d6468020,0x00000000d6480000)
  to   space 4096K, 0% used [0x00000000d6780000,0x00000000d6780000,0x00000000d6b80000)
 ParOldGen       total 74752K, used 74550K [0x0000000080000000, 0x0000000084900000, 0x00000000d5580000)
  object space 74752K, 99% used [0x0000000080000000,0x00000000848cdab8,0x0000000084900000)
 Metaspace       used 60151K, committed 61696K, reserved 1114112K
  class space    used 6460K, committed 7104K, reserved 1048576K
}
Event: 21.192 GC heap after
{Heap after GC invocations=85 (full 3):
 PSYoungGen      total 14848K, used 1136K [0x00000000d5580000, 0x00000000d6900000, 0x0000000100000000)
  eden space 13312K, 0% used [0x00000000d5580000,0x00000000d5580000,0x00000000d6280000)
  from space 1536K, 74% used [0x00000000d6780000,0x00000000d689c2d8,0x00000000d6900000)
  to   space 2048K, 0% used [0x00000000d6500000,0x00000000d6500000,0x00000000d6700000)
 ParOldGen       total 76288K, used 76258K [0x0000000080000000, 0x0000000084a80000, 0x00000000d5580000)
  object space 76288K, 99% used [0x0000000080000000,0x0000000084a78b18,0x0000000084a80000)
 Metaspace       used 60151K, committed 61696K, reserved 1114112K
  class space    used 6460K, committed 7104K, reserved 1048576K
}
Event: 21.300 GC heap before
{Heap before GC invocations=86 (full 3):
 PSYoungGen      total 14848K, used 14448K [0x00000000d5580000, 0x00000000d6900000, 0x0000000100000000)
  eden space 13312K, 100% used [0x00000000d5580000,0x00000000d6280000,0x00000000d6280000)
  from space 1536K, 74% used [0x00000000d6780000,0x00000000d689c2d8,0x00000000d6900000)
  to   space 2048K, 0% used [0x00000000d6500000,0x00000000d6500000,0x00000000d6700000)
 ParOldGen       total 76288K, used 76258K [0x0000000080000000, 0x0000000084a80000, 0x00000000d5580000)
  object space 76288K, 99% used [0x0000000080000000,0x0000000084a78b18,0x0000000084a80000)
 Metaspace       used 60436K, committed 61952K, reserved 1114112K
  class space    used 6496K, committed 7168K, reserved 1048576K
}
Event: 21.302 GC heap after
{Heap after GC invocations=86 (full 3):
 PSYoungGen      total 15360K, used 2031K [0x00000000d5580000, 0x00000000d6980000, 0x0000000100000000)
  eden space 13312K, 0% used [0x00000000d5580000,0x00000000d5580000,0x00000000d6280000)
  from space 2048K, 99% used [0x00000000d6500000,0x00000000d66fbce0,0x00000000d6700000)
  to   space 2560K, 0% used [0x00000000d6700000,0x00000000d6700000,0x00000000d6980000)
 ParOldGen       total 77312K, used 77067K [0x0000000080000000, 0x0000000084b80000, 0x00000000d5580000)
  object space 77312K, 99% used [0x0000000080000000,0x0000000084b42df0,0x0000000084b80000)
 Metaspace       used 60436K, committed 61952K, reserved 1114112K
  class space    used 6496K, committed 7168K, reserved 1048576K
}
Event: 21.386 GC heap before
{Heap before GC invocations=87 (full 3):
 PSYoungGen      total 15360K, used 15343K [0x00000000d5580000, 0x00000000d6980000, 0x0000000100000000)
  eden space 13312K, 100% used [0x00000000d5580000,0x00000000d6280000,0x00000000d6280000)
  from space 2048K, 99% used [0x00000000d6500000,0x00000000d66fbce0,0x00000000d6700000)
  to   space 2560K, 0% used [0x00000000d6700000,0x00000000d6700000,0x00000000d6980000)
 ParOldGen       total 77312K, used 77067K [0x0000000080000000, 0x0000000084b80000, 0x00000000d5580000)
  object space 77312K, 99% used [0x0000000080000000,0x0000000084b42df0,0x0000000084b80000)
 Metaspace       used 60627K, committed 62208K, reserved 1114112K
  class space    used 6506K, committed 7168K, reserved 1048576K
}
Event: 21.414 GC heap after
{Heap after GC invocations=87 (full 3):
 PSYoungGen      total 15872K, used 2144K [0x00000000d5580000, 0x00000000d6980000, 0x0000000100000000)
  eden space 13312K, 0% used [0x00000000d5580000,0x00000000d5580000,0x00000000d6280000)
  from space 2560K, 83% used [0x00000000d6700000,0x00000000d6918010,0x00000000d6980000)
  to   space 2560K, 0% used [0x00000000d6480000,0x00000000d6480000,0x00000000d6700000)
 ParOldGen       total 79360K, used 79061K [0x0000000080000000, 0x0000000084d80000, 0x00000000d5580000)
  object space 79360K, 99% used [0x0000000080000000,0x0000000084d355f8,0x0000000084d80000)
 Metaspace       used 60627K, committed 62208K, reserved 1114112K
  class space    used 6506K, committed 7168K, reserved 1048576K
}
Event: 21.532 GC heap before
{Heap before GC invocations=88 (full 3):
 PSYoungGen      total 15872K, used 15456K [0x00000000d5580000, 0x00000000d6980000, 0x0000000100000000)
  eden space 13312K, 100% used [0x00000000d5580000,0x00000000d6280000,0x00000000d6280000)
  from space 2560K, 83% used [0x00000000d6700000,0x00000000d6918010,0x00000000d6980000)
  to   space 2560K, 0% used [0x00000000d6480000,0x00000000d6480000,0x00000000d6700000)
 ParOldGen       total 79360K, used 79061K [0x0000000080000000, 0x0000000084d80000, 0x00000000d5580000)
  object space 79360K, 99% used [0x0000000080000000,0x0000000084d355f8,0x0000000084d80000)
 Metaspace       used 60857K, committed 62400K, reserved 1114112K
  class space    used 6523K, committed 7168K, reserved 1048576K
}
Event: 21.536 GC heap after
{Heap after GC invocations=88 (full 3):
 PSYoungGen      total 15360K, used 1874K [0x00000000d5580000, 0x00000000d6780000, 0x0000000100000000)
  eden space 13312K, 0% used [0x00000000d5580000,0x00000000d5580000,0x00000000d6280000)
  from space 2048K, 91% used [0x00000000d6480000,0x00000000d6654810,0x00000000d6680000)
  to   space 1024K, 0% used [0x00000000d6680000,0x00000000d6680000,0x00000000d6780000)
 ParOldGen       total 80896K, used 80844K [0x0000000080000000, 0x0000000084f00000, 0x00000000d5580000)
  object space 80896K, 99% used [0x0000000080000000,0x0000000084ef33e0,0x0000000084f00000)
 Metaspace       used 60857K, committed 62400K, reserved 1114112K
  class space    used 6523K, committed 7168K, reserved 1048576K
}
Event: 21.612 GC heap before
{Heap before GC invocations=89 (full 3):
 PSYoungGen      total 15360K, used 15186K [0x00000000d5580000, 0x00000000d6780000, 0x0000000100000000)
  eden space 13312K, 100% used [0x00000000d5580000,0x00000000d6280000,0x00000000d6280000)
  from space 2048K, 91% used [0x00000000d6480000,0x00000000d6654810,0x00000000d6680000)
  to   space 1024K, 0% used [0x00000000d6680000,0x00000000d6680000,0x00000000d6780000)
 ParOldGen       total 80896K, used 80846K [0x0000000080000000, 0x0000000084f00000, 0x00000000d5580000)
  object space 80896K, 99% used [0x0000000080000000,0x0000000084ef38a8,0x0000000084f00000)
 Metaspace       used 61123K, committed 62592K, reserved 1114112K
  class space    used 6544K, committed 7168K, reserved 1048576K
}
Event: 21.617 GC heap after
{Heap after GC invocations=89 (full 3):
 PSYoungGen      total 14336K, used 1019K [0x00000000d5580000, 0x00000000d6880000, 0x0000000100000000)
  eden space 13312K, 0% used [0x00000000d5580000,0x00000000d5580000,0x00000000d6280000)
  from space 1024K, 99% used [0x00000000d6680000,0x00000000d677ee18,0x00000000d6780000)
  to   space 3072K, 0% used [0x00000000d6280000,0x00000000d6280000,0x00000000d6580000)
 ParOldGen       total 82432K, used 82402K [0x0000000080000000, 0x0000000085080000, 0x00000000d5580000)
  object space 82432K, 99% used [0x0000000080000000,0x0000000085078860,0x0000000085080000)
 Metaspace       used 61123K, committed 62592K, reserved 1114112K
  class space    used 6544K, committed 7168K, reserved 1048576K
}
Event: 21.808 GC heap before
{Heap before GC invocations=90 (full 3):
 PSYoungGen      total 14336K, used 14331K [0x00000000d5580000, 0x00000000d6880000, 0x0000000100000000)
  eden space 13312K, 100% used [0x00000000d5580000,0x00000000d6280000,0x00000000d6280000)
  from space 1024K, 99% used [0x00000000d6680000,0x00000000d677ee18,0x00000000d6780000)
  to   space 3072K, 0% used [0x00000000d6280000,0x00000000d6280000,0x00000000d6580000)
 ParOldGen       total 82432K, used 82402K [0x0000000080000000, 0x0000000085080000, 0x00000000d5580000)
  object space 82432K, 99% used [0x0000000080000000,0x0000000085078860,0x0000000085080000)
 Metaspace       used 61452K, committed 62976K, reserved 1114112K
  class space    used 6579K, committed 7232K, reserved 1048576K
}
Event: 21.811 GC heap after
{Heap after GC invocations=90 (full 3):
 PSYoungGen      total 14848K, used 1113K [0x00000000d5580000, 0x00000000d6700000, 0x0000000100000000)
  eden space 13312K, 0% used [0x00000000d5580000,0x00000000d5580000,0x00000000d6280000)
  from space 1536K, 72% used [0x00000000d6280000,0x00000000d6396470,0x00000000d6400000)
  to   space 2048K, 0% used [0x00000000d6500000,0x00000000d6500000,0x00000000d6700000)
 ParOldGen       total 83456K, used 83107K [0x0000000080000000, 0x0000000085180000, 0x00000000d5580000)
  object space 83456K, 99% used [0x0000000080000000,0x0000000085128fb0,0x0000000085180000)
 Metaspace       used 61452K, committed 62976K, reserved 1114112K
  class space    used 6579K, committed 7232K, reserved 1048576K
}
Event: 21.972 GC heap before
{Heap before GC invocations=91 (full 3):
 PSYoungGen      total 14848K, used 14425K [0x00000000d5580000, 0x00000000d6700000, 0x0000000100000000)
  eden space 13312K, 100% used [0x00000000d5580000,0x00000000d6280000,0x00000000d6280000)
  from space 1536K, 72% used [0x00000000d6280000,0x00000000d6396470,0x00000000d6400000)
  to   space 2048K, 0% used [0x00000000d6500000,0x00000000d6500000,0x00000000d6700000)
 ParOldGen       total 83456K, used 83107K [0x0000000080000000, 0x0000000085180000, 0x00000000d5580000)
  object space 83456K, 99% used [0x0000000080000000,0x0000000085128fb0,0x0000000085180000)
 Metaspace       used 61946K, committed 63488K, reserved 1114112K
  class space    used 6613K, committed 7232K, reserved 1048576K
}
Event: 21.974 GC heap after
{Heap after GC invocations=91 (full 3):
 PSYoungGen      total 14848K, used 1124K [0x00000000d5580000, 0x00000000d6680000, 0x0000000100000000)
  eden space 13312K, 0% used [0x00000000d5580000,0x00000000d5580000,0x00000000d6280000)
  from space 1536K, 73% used [0x00000000d6500000,0x00000000d6619210,0x00000000d6680000)
  to   space 1536K, 0% used [0x00000000d6280000,0x00000000d6280000,0x00000000d6400000)
 ParOldGen       total 83968K, used 83813K [0x0000000080000000, 0x0000000085200000, 0x00000000d5580000)
  object space 83968K, 99% used [0x0000000080000000,0x00000000851d9420,0x0000000085200000)
 Metaspace       used 61946K, committed 63488K, reserved 1114112K
  class space    used 6613K, committed 7232K, reserved 1048576K
}
Event: 22.469 GC heap before
{Heap before GC invocations=92 (full 3):
 PSYoungGen      total 14848K, used 14078K [0x00000000d5580000, 0x00000000d6680000, 0x0000000100000000)
  eden space 13312K, 97% used [0x00000000d5580000,0x00000000d6226620,0x00000000d6280000)
  from space 1536K, 73% used [0x00000000d6500000,0x00000000d6619210,0x00000000d6680000)
  to   space 1536K, 0% used [0x00000000d6280000,0x00000000d6280000,0x00000000d6400000)
 ParOldGen       total 83968K, used 83813K [0x0000000080000000, 0x0000000085200000, 0x00000000d5580000)
  object space 83968K, 99% used [0x0000000080000000,0x00000000851d9420,0x0000000085200000)
 Metaspace       used 62476K, committed 63936K, reserved 1114112K
  class space    used 6656K, committed 7296K, reserved 1048576K
}
Event: 22.472 GC heap after
{Heap after GC invocations=92 (full 3):
 PSYoungGen      total 14848K, used 992K [0x00000000d5580000, 0x00000000d6580000, 0x0000000100000000)
  eden space 13312K, 0% used [0x00000000d5580000,0x00000000d5580000,0x00000000d6280000)
  from space 1536K, 64% used [0x00000000d6280000,0x00000000d6378020,0x00000000d6400000)
  to   space 1536K, 0% used [0x00000000d6400000,0x00000000d6400000,0x00000000d6580000)
 ParOldGen       total 84992K, used 84721K [0x0000000080000000, 0x0000000085300000, 0x00000000d5580000)
  object space 84992K, 99% used [0x0000000080000000,0x00000000852bc630,0x0000000085300000)
 Metaspace       used 62476K, committed 63936K, reserved 1114112K
  class space    used 6656K, committed 7296K, reserved 1048576K
}
Event: 22.900 GC heap before
{Heap before GC invocations=93 (full 3):
 PSYoungGen      total 14848K, used 14296K [0x00000000d5580000, 0x00000000d6580000, 0x0000000100000000)
  eden space 13312K, 99% used [0x00000000d5580000,0x00000000d627e268,0x00000000d6280000)
  from space 1536K, 64% used [0x00000000d6280000,0x00000000d6378020,0x00000000d6400000)
  to   space 1536K, 0% used [0x00000000d6400000,0x00000000d6400000,0x00000000d6580000)
 ParOldGen       total 84992K, used 84721K [0x0000000080000000, 0x0000000085300000, 0x00000000d5580000)
  object space 84992K, 99% used [0x0000000080000000,0x00000000852bc630,0x0000000085300000)
 Metaspace       used 62533K, committed 64000K, reserved 1114112K
  class space    used 6661K, committed 7296K, reserved 1048576K
}
Event: 22.902 GC heap after
{Heap after GC invocations=93 (full 3):
 PSYoungGen      total 13824K, used 1531K [0x00000000d5580000, 0x00000000d6780000, 0x0000000100000000)
  eden space 12288K, 0% used [0x00000000d5580000,0x00000000d5580000,0x00000000d6180000)
  from space 1536K, 99% used [0x00000000d6400000,0x00000000d657efc0,0x00000000d6580000)
  to   space 2560K, 0% used [0x00000000d6180000,0x00000000d6180000,0x00000000d6400000)
 ParOldGen       total 85504K, used 85483K [0x0000000080000000, 0x0000000085380000, 0x00000000d5580000)
  object space 85504K, 99% used [0x0000000080000000,0x000000008537af70,0x0000000085380000)
 Metaspace       used 62533K, committed 64000K, reserved 1114112K
  class space    used 6661K, committed 7296K, reserved 1048576K
}
Event: 22.960 GC heap before
{Heap before GC invocations=94 (full 3):
 PSYoungGen      total 13824K, used 13819K [0x00000000d5580000, 0x00000000d6780000, 0x0000000100000000)
  eden space 12288K, 100% used [0x00000000d5580000,0x00000000d6180000,0x00000000d6180000)
  from space 1536K, 99% used [0x00000000d6400000,0x00000000d657efc0,0x00000000d6580000)
  to   space 2560K, 0% used [0x00000000d6180000,0x00000000d6180000,0x00000000d6400000)
 ParOldGen       total 85504K, used 85483K [0x0000000080000000, 0x0000000085380000, 0x00000000d5580000)
  object space 85504K, 99% used [0x0000000080000000,0x000000008537af70,0x0000000085380000)
 Metaspace       used 62559K, committed 64000K, reserved 1114112K
  class space    used 6661K, committed 7296K, reserved 1048576K
}
Event: 22.961 GC heap after
{Heap after GC invocations=94 (full 3):
 PSYoungGen      total 12800K, used 346K [0x00000000d5580000, 0x00000000d6480000, 0x0000000100000000)
  eden space 12288K, 0% used [0x00000000d5580000,0x00000000d5580000,0x00000000d6180000)
  from space 512K, 67% used [0x00000000d6180000,0x00000000d61d6900,0x00000000d6200000)
  to   space 1536K, 0% used [0x00000000d6300000,0x00000000d6300000,0x00000000d6480000)
 ParOldGen       total 86016K, used 85779K [0x0000000080000000, 0x0000000085400000, 0x00000000d5580000)
  object space 86016K, 99% used [0x0000000080000000,0x00000000853c4f90,0x0000000085400000)
 Metaspace       used 62559K, committed 64000K, reserved 1114112K
  class space    used 6661K, committed 7296K, reserved 1048576K
}

