# JRE version: OpenJDK Runtime Environment Temurin-21.0.8+9 (21.0.8+9) (build 21.0.8+9-LTS)
# Java VM: OpenJDK 64-Bit Server VM Temurin-21.0.8+9 (21.0.8+9-LTS, mixed mode, sharing, tiered, compressed oops, compressed class ptrs, parallel gc, windows-amd64)
GC Precious Log:
 CardTable entry size: 512
 CPUs: 12 total, 12 available
 Memory: 7521M
 Large Page Support: Disabled
 NUMA Support: Disabled
 Compressed Oops: Enabled (32-bit)
 Alignments: Space 512K, Generation 512K, Heap 2M
 Heap Min Capacity: 100M
 Heap Initial Capacity: 100M
 Heap Max Capacity: 2G
 Pre-touch: Disabled
 Parallel Workers: 10
Heap:
 PSYoungGen      total 15872K, used 1666K [0x00000000d5580000, 0x00000000d6800000, 0x0000000100000000)
  eden space 15360K, 9% used [0x00000000d5580000,0x00000000d56e0b30,0x00000000d6480000)
  from space 512K, 50% used [0x00000000d6700000,0x00000000d6740000,0x00000000d6780000)
  to   space 512K, 0% used [0x00000000d6780000,0x00000000d6780000,0x00000000d6800000)
 ParOldGen       total 126976K, used 126683K [0x0000000080000000, 0x0000000087c00000, 0x00000000d5580000)
  object space 126976K, 99% used [0x0000000080000000,0x0000000087bb6d38,0x0000000087c00000)
 Metaspace       used 72223K, committed 73792K, reserved 1179648K
  class space    used 7682K, committed 8384K, reserved 1048576K
GC Heap History (20 events):
Event: 87.397 GC heap before
{Heap before GC invocations=103 (full 3):
 PSYoungGen      total 17920K, used 17632K [0x00000000d5580000, 0x00000000d6d80000, 0x0000000100000000)
  eden space 15360K, 100% used [0x00000000d5580000,0x00000000d6480000,0x00000000d6480000)
  from space 2560K, 88% used [0x00000000d6680000,0x00000000d68b8000,0x00000000d6900000)
  to   space 3072K, 0% used [0x00000000d6a80000,0x00000000d6a80000,0x00000000d6d80000)
 ParOldGen       total 90624K, used 90413K [0x0000000080000000, 0x0000000085880000, 0x00000000d5580000)
  object space 90624K, 99% used [0x0000000080000000,0x000000008584b4d8,0x0000000085880000)
 Metaspace       used 68719K, committed 70272K, reserved 1114112K
  class space    used 7372K, committed 8000K, reserved 1048576K
}
Event: 87.401 GC heap after
{Heap after GC invocations=103 (full 3):
 PSYoungGen      total 17408K, used 1872K [0x00000000d5580000, 0x00000000d6c80000, 0x0000000100000000)
  eden space 15360K, 0% used [0x00000000d5580000,0x00000000d5580000,0x00000000d6480000)
  from space 2048K, 91% used [0x00000000d6a80000,0x00000000d6c54050,0x00000000d6c80000)
  to   space 2560K, 0% used [0x00000000d6780000,0x00000000d6780000,0x00000000d6a00000)
 ParOldGen       total 92672K, used 92533K [0x0000000080000000, 0x0000000085a80000, 0x00000000d5580000)
  object space 92672K, 99% used [0x0000000080000000,0x0000000085a5d4c8,0x0000000085a80000)
 Metaspace       used 68719K, committed 70272K, reserved 1114112K
  class space    used 7372K, committed 8000K, reserved 1048576K
}
Event: 87.509 GC heap before
{Heap before GC invocations=104 (full 3):
 PSYoungGen      total 17408K, used 17232K [0x00000000d5580000, 0x00000000d6c80000, 0x0000000100000000)
  eden space 15360K, 100% used [0x00000000d5580000,0x00000000d6480000,0x00000000d6480000)
  from space 2048K, 91% used [0x00000000d6a80000,0x00000000d6c54050,0x00000000d6c80000)
  to   space 2560K, 0% used [0x00000000d6780000,0x00000000d6780000,0x00000000d6a00000)
 ParOldGen       total 92672K, used 92533K [0x0000000080000000, 0x0000000085a80000, 0x00000000d5580000)
  object space 92672K, 99% used [0x0000000080000000,0x0000000085a5d4c8,0x0000000085a80000)
 Metaspace       used 68966K, committed 70464K, reserved 1114112K
  class space    used 7395K, committed 8000K, reserved 1048576K
}
Event: 87.514 GC heap after
{Heap after GC invocations=104 (full 3):
 PSYoungGen      total 17920K, used 2544K [0x00000000d5580000, 0x00000000d6e80000, 0x0000000100000000)
  eden space 15360K, 0% used [0x00000000d5580000,0x00000000d5580000,0x00000000d6480000)
  from space 2560K, 99% used [0x00000000d6780000,0x00000000d69fc010,0x00000000d6a00000)
  to   space 4608K, 0% used [0x00000000d6a00000,0x00000000d6a00000,0x00000000d6e80000)
 ParOldGen       total 94720K, used 94465K [0x0000000080000000, 0x0000000085c80000, 0x00000000d5580000)
  object space 94720K, 99% used [0x0000000080000000,0x0000000085c40610,0x0000000085c80000)
 Metaspace       used 68966K, committed 70464K, reserved 1114112K
  class space    used 7395K, committed 8000K, reserved 1048576K
}
Event: 88.005 GC heap before
{Heap before GC invocations=105 (full 3):
 PSYoungGen      total 17920K, used 17904K [0x00000000d5580000, 0x00000000d6e80000, 0x0000000100000000)
  eden space 15360K, 100% used [0x00000000d5580000,0x00000000d6480000,0x00000000d6480000)
  from space 2560K, 99% used [0x00000000d6780000,0x00000000d69fc010,0x00000000d6a00000)
  to   space 4608K, 0% used [0x00000000d6a00000,0x00000000d6a00000,0x00000000d6e80000)
 ParOldGen       total 94720K, used 94465K [0x0000000080000000, 0x0000000085c80000, 0x00000000d5580000)
  object space 94720K, 99% used [0x0000000080000000,0x0000000085c40610,0x0000000085c80000)
 Metaspace       used 69546K, committed 70976K, reserved 1114112K
  class space    used 7440K, committed 8064K, reserved 1048576K
}
Event: 88.010 GC heap after
{Heap after GC invocations=105 (full 3):
 PSYoungGen      total 17408K, used 1792K [0x00000000d5580000, 0x00000000d6c00000, 0x0000000100000000)
  eden space 15360K, 0% used [0x00000000d5580000,0x00000000d5580000,0x00000000d6480000)
  from space 2048K, 87% used [0x00000000d6a00000,0x00000000d6bc0030,0x00000000d6c00000)
  to   space 3072K, 0% used [0x00000000d6600000,0x00000000d6600000,0x00000000d6900000)
 ParOldGen       total 97280K, used 97017K [0x0000000080000000, 0x0000000085f00000, 0x00000000d5580000)
  object space 97280K, 99% used [0x0000000080000000,0x0000000085ebe5d0,0x0000000085f00000)
 Metaspace       used 69546K, committed 70976K, reserved 1114112K
  class space    used 7440K, committed 8064K, reserved 1048576K
}
Event: 88.452 GC heap before
{Heap before GC invocations=106 (full 3):
 PSYoungGen      total 17408K, used 17152K [0x00000000d5580000, 0x00000000d6c00000, 0x0000000100000000)
  eden space 15360K, 100% used [0x00000000d5580000,0x00000000d6480000,0x00000000d6480000)
  from space 2048K, 87% used [0x00000000d6a00000,0x00000000d6bc0030,0x00000000d6c00000)
  to   space 3072K, 0% used [0x00000000d6600000,0x00000000d6600000,0x00000000d6900000)
 ParOldGen       total 97280K, used 97017K [0x0000000080000000, 0x0000000085f00000, 0x00000000d5580000)
  object space 97280K, 99% used [0x0000000080000000,0x0000000085ebe5d0,0x0000000085f00000)
 Metaspace       used 70167K, committed 71680K, reserved 1114112K
  class space    used 7491K, committed 8128K, reserved 1048576K
}
Event: 88.456 GC heap after
{Heap after GC invocations=106 (full 3):
 PSYoungGen      total 17408K, used 1984K [0x00000000d5580000, 0x00000000d6a80000, 0x0000000100000000)
  eden space 15360K, 0% used [0x00000000d5580000,0x00000000d5580000,0x00000000d6480000)
  from space 2048K, 96% used [0x00000000d6600000,0x00000000d67f0000,0x00000000d6800000)
  to   space 2560K, 0% used [0x00000000d6800000,0x00000000d6800000,0x00000000d6a80000)
 ParOldGen       total 98816K, used 98537K [0x0000000080000000, 0x0000000086080000, 0x00000000d5580000)
  object space 98816K, 99% used [0x0000000080000000,0x000000008603a610,0x0000000086080000)
 Metaspace       used 70167K, committed 71680K, reserved 1114112K
  class space    used 7491K, committed 8128K, reserved 1048576K
}
Event: 89.369 GC heap before
{Heap before GC invocations=107 (full 3):
 PSYoungGen      total 17408K, used 17343K [0x00000000d5580000, 0x00000000d6a80000, 0x0000000100000000)
  eden space 15360K, 99% used [0x00000000d5580000,0x00000000d647fff8,0x00000000d6480000)
  from space 2048K, 96% used [0x00000000d6600000,0x00000000d67f0000,0x00000000d6800000)
  to   space 2560K, 0% used [0x00000000d6800000,0x00000000d6800000,0x00000000d6a80000)
 ParOldGen       total 98816K, used 98537K [0x0000000080000000, 0x0000000086080000, 0x00000000d5580000)
  object space 98816K, 99% used [0x0000000080000000,0x000000008603a610,0x0000000086080000)
 Metaspace       used 70795K, committed 72320K, reserved 1114112K
  class space    used 7538K, committed 8192K, reserved 1048576K
}
Event: 89.372 GC heap after
{Heap after GC invocations=107 (full 3):
 PSYoungGen      total 17408K, used 1632K [0x00000000d5580000, 0x00000000d6a00000, 0x0000000100000000)
  eden space 15360K, 0% used [0x00000000d5580000,0x00000000d5580000,0x00000000d6480000)
  from space 2048K, 79% used [0x00000000d6800000,0x00000000d6998000,0x00000000d6a00000)
  to   space 2048K, 0% used [0x00000000d6600000,0x00000000d6600000,0x00000000d6800000)
 ParOldGen       total 100352K, used 100320K [0x0000000080000000, 0x0000000086200000, 0x00000000d5580000)
  object space 100352K, 99% used [0x0000000080000000,0x00000000861f8198,0x0000000086200000)
 Metaspace       used 70795K, committed 72320K, reserved 1114112K
  class space    used 7538K, committed 8192K, reserved 1048576K
}
Event: 90.197 GC heap before
{Heap before GC invocations=108 (full 3):
 PSYoungGen      total 17408K, used 16992K [0x00000000d5580000, 0x00000000d6a00000, 0x0000000100000000)
  eden space 15360K, 100% used [0x00000000d5580000,0x00000000d6480000,0x00000000d6480000)
  from space 2048K, 79% used [0x00000000d6800000,0x00000000d6998000,0x00000000d6a00000)
  to   space 2048K, 0% used [0x00000000d6600000,0x00000000d6600000,0x00000000d6800000)
 ParOldGen       total 100352K, used 100320K [0x0000000080000000, 0x0000000086200000, 0x00000000d5580000)
  object space 100352K, 99% used [0x0000000080000000,0x00000000861f8198,0x0000000086200000)
 Metaspace       used 71166K, committed 72704K, reserved 1114112K
  class space    used 7587K, committed 8256K, reserved 1048576K
}
Event: 90.199 GC heap after
{Heap after GC invocations=108 (full 3):
 PSYoungGen      total 16896K, used 1184K [0x00000000d5580000, 0x00000000d6880000, 0x0000000100000000)
  eden space 15360K, 0% used [0x00000000d5580000,0x00000000d5580000,0x00000000d6480000)
  from space 1536K, 77% used [0x00000000d6600000,0x00000000d6728000,0x00000000d6780000)
  to   space 1024K, 0% used [0x00000000d6780000,0x00000000d6780000,0x00000000d6880000)
 ParOldGen       total 101888K, used 101798K [0x0000000080000000, 0x0000000086380000, 0x00000000d5580000)
  object space 101888K, 99% used [0x0000000080000000,0x0000000086369b40,0x0000000086380000)
 Metaspace       used 71166K, committed 72704K, reserved 1114112K
  class space    used 7587K, committed 8256K, reserved 1048576K
}
Event: 90.386 GC heap before
{Heap before GC invocations=109 (full 3):
 PSYoungGen      total 16896K, used 16544K [0x00000000d5580000, 0x00000000d6880000, 0x0000000100000000)
  eden space 15360K, 100% used [0x00000000d5580000,0x00000000d6480000,0x00000000d6480000)
  from space 1536K, 77% used [0x00000000d6600000,0x00000000d6728000,0x00000000d6780000)
  to   space 1024K, 0% used [0x00000000d6780000,0x00000000d6780000,0x00000000d6880000)
 ParOldGen       total 125440K, used 124838K [0x0000000080000000, 0x0000000087a80000, 0x00000000d5580000)
  object space 125440K, 99% used [0x0000000080000000,0x00000000879e9b60,0x0000000087a80000)
 Metaspace       used 71732K, committed 73280K, reserved 1179648K
  class space    used 7648K, committed 8320K, reserved 1048576K
}
Event: 90.388 GC heap after
{Heap after GC invocations=109 (full 3):
 PSYoungGen      total 16384K, used 538K [0x00000000d5580000, 0x00000000d6880000, 0x0000000100000000)
  eden space 15360K, 0% used [0x00000000d5580000,0x00000000d5580000,0x00000000d6480000)
  from space 1024K, 52% used [0x00000000d6780000,0x00000000d68068c8,0x00000000d6880000)
  to   space 1024K, 0% used [0x00000000d6680000,0x00000000d6680000,0x00000000d6780000)
 ParOldGen       total 125952K, used 125822K [0x0000000080000000, 0x0000000087b00000, 0x00000000d5580000)
  object space 125952K, 99% used [0x0000000080000000,0x0000000087adfb60,0x0000000087b00000)
 Metaspace       used 71732K, committed 73280K, reserved 1179648K
  class space    used 7648K, committed 8320K, reserved 1048576K
}
Event: 387.658 GC heap before
{Heap before GC invocations=110 (full 3):
 PSYoungGen      total 16384K, used 15898K [0x00000000d5580000, 0x00000000d6880000, 0x0000000100000000)
  eden space 15360K, 99% used [0x00000000d5580000,0x00000000d647fff8,0x00000000d6480000)
  from space 1024K, 52% used [0x00000000d6780000,0x00000000d68068c8,0x00000000d6880000)
  to   space 1024K, 0% used [0x00000000d6680000,0x00000000d6680000,0x00000000d6780000)
 ParOldGen       total 125952K, used 125822K [0x0000000080000000, 0x0000000087b00000, 0x00000000d5580000)
  object space 125952K, 99% used [0x0000000080000000,0x0000000087adfb60,0x0000000087b00000)
 Metaspace       used 72051K, committed 73664K, reserved 1179648K
  class space    used 7678K, committed 8384K, reserved 1048576K
}
Event: 387.697 GC heap after
{Heap after GC invocations=110 (full 3):
 PSYoungGen      total 16384K, used 416K [0x00000000d5580000, 0x00000000d6800000, 0x0000000100000000)
  eden space 15360K, 0% used [0x00000000d5580000,0x00000000d5580000,0x00000000d6480000)
  from space 1024K, 40% used [0x00000000d6680000,0x00000000d66e8020,0x00000000d6780000)
  to   space 512K, 0% used [0x00000000d6780000,0x00000000d6780000,0x00000000d6800000)
 ParOldGen       total 126464K, used 126219K [0x0000000080000000, 0x0000000087b80000, 0x00000000d5580000)
  object space 126464K, 99% used [0x0000000080000000,0x0000000087b42ce8,0x0000000087b80000)
 Metaspace       used 72051K, committed 73664K, reserved 1179648K
  class space    used 7678K, committed 8384K, reserved 1048576K
}
Event: 25211.852 GC heap before
{Heap before GC invocations=111 (full 3):
 PSYoungGen      total 16384K, used 15776K [0x00000000d5580000, 0x00000000d6800000, 0x0000000100000000)
  eden space 15360K, 100% used [0x00000000d5580000,0x00000000d6480000,0x00000000d6480000)
  from space 1024K, 40% used [0x00000000d6680000,0x00000000d66e8020,0x00000000d6780000)
  to   space 512K, 0% used [0x00000000d6780000,0x00000000d6780000,0x00000000d6800000)
 ParOldGen       total 126464K, used 126219K [0x0000000080000000, 0x0000000087b80000, 0x00000000d5580000)
  object space 126464K, 99% used [0x0000000080000000,0x0000000087b42ce8,0x0000000087b80000)
 Metaspace       used 72167K, committed 73792K, reserved 1179648K
  class space    used 7681K, committed 8384K, reserved 1048576K
}
Event: 25211.929 GC heap after
{Heap after GC invocations=111 (full 3):
 PSYoungGen      total 15872K, used 352K [0x00000000d5580000, 0x00000000d6800000, 0x0000000100000000)
  eden space 15360K, 0% used [0x00000000d5580000,0x00000000d5580000,0x00000000d6480000)
  from space 512K, 68% used [0x00000000d6780000,0x00000000d67d8020,0x00000000d6800000)
  to   space 512K, 0% used [0x00000000d6700000,0x00000000d6700000,0x00000000d6780000)
 ParOldGen       total 126976K, used 126499K [0x0000000080000000, 0x0000000087c00000, 0x00000000d5580000)
  object space 126976K, 99% used [0x0000000080000000,0x0000000087b88d08,0x0000000087c00000)
 Metaspace       used 72167K, committed 73792K, reserved 1179648K
  class space    used 7681K, committed 8384K, reserved 1048576K
}
Event: 30366.552 GC heap before
{Heap before GC invocations=112 (full 3):
 PSYoungGen      total 15872K, used 15710K [0x00000000d5580000, 0x00000000d6800000, 0x0000000100000000)
  eden space 15360K, 99% used [0x00000000d5580000,0x00000000d647fb78,0x00000000d6480000)
  from space 512K, 68% used [0x00000000d6780000,0x00000000d67d8020,0x00000000d6800000)
  to   space 512K, 0% used [0x00000000d6700000,0x00000000d6700000,0x00000000d6780000)
 ParOldGen       total 126976K, used 126499K [0x0000000080000000, 0x0000000087c00000, 0x00000000d5580000)
  object space 126976K, 99% used [0x0000000080000000,0x0000000087b88d08,0x0000000087c00000)
 Metaspace       used 72217K, committed 73792K, reserved 1179648K
  class space    used 7681K, committed 8384K, reserved 1048576K
}
Event: 30366.638 GC heap after
{Heap after GC invocations=112 (full 3):
 PSYoungGen      total 15872K, used 256K [0x00000000d5580000, 0x00000000d6800000, 0x0000000100000000)
  eden space 15360K, 0% used [0x00000000d5580000,0x00000000d5580000,0x00000000d6480000)
  from space 512K, 50% used [0x00000000d6700000,0x00000000d6740000,0x00000000d6780000)
  to   space 512K, 0% used [0x00000000d6780000,0x00000000d6780000,0x00000000d6800000)
 ParOldGen       total 126976K, used 126683K [0x0000000080000000, 0x0000000087c00000, 0x00000000d5580000)
  object space 126976K, 99% used [0x0000000080000000,0x0000000087bb6d38,0x0000000087c00000)
 Metaspace       used 72217K, committed 73792K, reserved 1179648K
  class space    used 7681K, committed 8384K, reserved 1048576K
}

