# JRE version: OpenJDK Runtime Environment Temurin-21.0.8+9 (21.0.8+9) (build 21.0.8+9-LTS)
# Java VM: OpenJDK 64-Bit Server VM Temurin-21.0.8+9 (21.0.8+9-LTS, mixed mode, sharing, tiered, compressed oops, compressed class ptrs, parallel gc, windows-amd64)
GC Precious Log:
 CardTable entry size: 512
 CPUs: 12 total, 12 available
 Memory: 7521M
 Large Page Support: Disabled
 NUMA Support: Disabled
 Compressed Oops: Enabled (32-bit)
 Alignments: Space 512K, Generation 512K, Heap 2M
 Heap Min Capacity: 100M
 Heap Initial Capacity: 100M
 Heap Max Capacity: 2G
 Pre-touch: Disabled
 Parallel Workers: 10
Heap:
 PSYoungGen      total 15872K, used 12681K [0x00000000d5580000, 0x00000000d6600000, 0x0000000100000000)
  eden space 14848K, 82% used [0x00000000d5580000,0x00000000d61826a8,0x00000000d6400000)
  from space 1024K, 37% used [0x00000000d6400000,0x00000000d6460000,0x00000000d6500000)
  to   space 512K, 0% used [0x00000000d6580000,0x00000000d6580000,0x00000000d6600000)
 ParOldGen       total 156672K, used 119885K [0x0000000080000000, 0x0000000089900000, 0x00000000d5580000)
  object space 156672K, 76% used [0x0000000080000000,0x0000000087513450,0x0000000089900000)
 Metaspace       used 63933K, committed 65536K, reserved 1114112K
  class space    used 6779K, committed 7488K, reserved 1048576K
GC Heap History (20 events):
Event: 34.257 GC heap before
{Heap before GC invocations=105 (full 3):
 PSYoungGen      total 17408K, used 17264K [0x00000000d5580000, 0x00000000d6980000, 0x0000000100000000)
  eden space 14848K, 100% used [0x00000000d5580000,0x00000000d6400000,0x00000000d6400000)
  from space 2560K, 94% used [0x00000000d6600000,0x00000000d685c020,0x00000000d6880000)
  to   space 1024K, 0% used [0x00000000d6880000,0x00000000d6880000,0x00000000d6980000)
 ParOldGen       total 156672K, used 110450K [0x0000000080000000, 0x0000000089900000, 0x00000000d5580000)
  object space 156672K, 70% used [0x0000000080000000,0x0000000086bdca68,0x0000000089900000)
 Metaspace       used 61840K, committed 63424K, reserved 1114112K
  class space    used 6643K, committed 7360K, reserved 1048576K
}
Event: 34.260 GC heap after
{Heap after GC invocations=105 (full 3):
 PSYoungGen      total 15872K, used 1024K [0x00000000d5580000, 0x00000000d6b00000, 0x0000000100000000)
  eden space 14848K, 0% used [0x00000000d5580000,0x00000000d5580000,0x00000000d6400000)
  from space 1024K, 100% used [0x00000000d6880000,0x00000000d6980000,0x00000000d6980000)
  to   space 3584K, 0% used [0x00000000d6400000,0x00000000d6400000,0x00000000d6780000)
 ParOldGen       total 156672K, used 112763K [0x0000000080000000, 0x0000000089900000, 0x00000000d5580000)
  object space 156672K, 71% used [0x0000000080000000,0x0000000086e1ec90,0x0000000089900000)
 Metaspace       used 61840K, committed 63424K, reserved 1114112K
  class space    used 6643K, committed 7360K, reserved 1048576K
}
Event: 34.647 GC heap before
{Heap before GC invocations=106 (full 3):
 PSYoungGen      total 15872K, used 15872K [0x00000000d5580000, 0x00000000d6b00000, 0x0000000100000000)
  eden space 14848K, 100% used [0x00000000d5580000,0x00000000d6400000,0x00000000d6400000)
  from space 1024K, 100% used [0x00000000d6880000,0x00000000d6980000,0x00000000d6980000)
  to   space 3584K, 0% used [0x00000000d6400000,0x00000000d6400000,0x00000000d6780000)
 ParOldGen       total 156672K, used 112763K [0x0000000080000000, 0x0000000089900000, 0x00000000d5580000)
  object space 156672K, 71% used [0x0000000080000000,0x0000000086e1ec90,0x0000000089900000)
 Metaspace       used 61959K, committed 63552K, reserved 1114112K
  class space    used 6643K, committed 7360K, reserved 1048576K
}
Event: 34.649 GC heap after
{Heap after GC invocations=106 (full 3):
 PSYoungGen      total 15872K, used 976K [0x00000000d5580000, 0x00000000d6900000, 0x0000000100000000)
  eden space 14848K, 0% used [0x00000000d5580000,0x00000000d5580000,0x00000000d6400000)
  from space 1024K, 95% used [0x00000000d6400000,0x00000000d64f4010,0x00000000d6500000)
  to   space 2048K, 0% used [0x00000000d6700000,0x00000000d6700000,0x00000000d6900000)
 ParOldGen       total 156672K, used 113625K [0x0000000080000000, 0x0000000089900000, 0x00000000d5580000)
  object space 156672K, 72% used [0x0000000080000000,0x0000000086ef6470,0x0000000089900000)
 Metaspace       used 61959K, committed 63552K, reserved 1114112K
  class space    used 6643K, committed 7360K, reserved 1048576K
}
Event: 35.102 GC heap before
{Heap before GC invocations=107 (full 3):
 PSYoungGen      total 15872K, used 15824K [0x00000000d5580000, 0x00000000d6900000, 0x0000000100000000)
  eden space 14848K, 100% used [0x00000000d5580000,0x00000000d6400000,0x00000000d6400000)
  from space 1024K, 95% used [0x00000000d6400000,0x00000000d64f4010,0x00000000d6500000)
  to   space 2048K, 0% used [0x00000000d6700000,0x00000000d6700000,0x00000000d6900000)
 ParOldGen       total 156672K, used 113625K [0x0000000080000000, 0x0000000089900000, 0x00000000d5580000)
  object space 156672K, 72% used [0x0000000080000000,0x0000000086ef6470,0x0000000089900000)
 Metaspace       used 62128K, committed 63680K, reserved 1114112K
  class space    used 6647K, committed 7360K, reserved 1048576K
}
Event: 35.104 GC heap after
{Heap after GC invocations=107 (full 3):
 PSYoungGen      total 15872K, used 896K [0x00000000d5580000, 0x00000000d6800000, 0x0000000100000000)
  eden space 14848K, 0% used [0x00000000d5580000,0x00000000d5580000,0x00000000d6400000)
  from space 1024K, 87% used [0x00000000d6700000,0x00000000d67e0000,0x00000000d6800000)
  to   space 1536K, 0% used [0x00000000d6500000,0x00000000d6500000,0x00000000d6680000)
 ParOldGen       total 156672K, used 114457K [0x0000000080000000, 0x0000000089900000, 0x00000000d5580000)
  object space 156672K, 73% used [0x0000000080000000,0x0000000086fc6470,0x0000000089900000)
 Metaspace       used 62128K, committed 63680K, reserved 1114112K
  class space    used 6647K, committed 7360K, reserved 1048576K
}
Event: 35.842 GC heap before
{Heap before GC invocations=108 (full 3):
 PSYoungGen      total 15872K, used 15744K [0x00000000d5580000, 0x00000000d6800000, 0x0000000100000000)
  eden space 14848K, 100% used [0x00000000d5580000,0x00000000d6400000,0x00000000d6400000)
  from space 1024K, 87% used [0x00000000d6700000,0x00000000d67e0000,0x00000000d6800000)
  to   space 1536K, 0% used [0x00000000d6500000,0x00000000d6500000,0x00000000d6680000)
 ParOldGen       total 156672K, used 114457K [0x0000000080000000, 0x0000000089900000, 0x00000000d5580000)
  object space 156672K, 73% used [0x0000000080000000,0x0000000086fc6470,0x0000000089900000)
 Metaspace       used 62410K, committed 63936K, reserved 1114112K
  class space    used 6682K, committed 7360K, reserved 1048576K
}
Event: 35.844 GC heap after
{Heap after GC invocations=108 (full 3):
 PSYoungGen      total 16384K, used 1536K [0x00000000d5580000, 0x00000000d6a00000, 0x0000000100000000)
  eden space 14848K, 0% used [0x00000000d5580000,0x00000000d5580000,0x00000000d6400000)
  from space 1536K, 100% used [0x00000000d6500000,0x00000000d6680000,0x00000000d6680000)
  to   space 3072K, 0% used [0x00000000d6700000,0x00000000d6700000,0x00000000d6a00000)
 ParOldGen       total 156672K, used 115569K [0x0000000080000000, 0x0000000089900000, 0x00000000d5580000)
  object space 156672K, 73% used [0x0000000080000000,0x00000000870dc490,0x0000000089900000)
 Metaspace       used 62410K, committed 63936K, reserved 1114112K
  class space    used 6682K, committed 7360K, reserved 1048576K
}
Event: 36.752 GC heap before
{Heap before GC invocations=109 (full 3):
 PSYoungGen      total 16384K, used 16384K [0x00000000d5580000, 0x00000000d6a00000, 0x0000000100000000)
  eden space 14848K, 100% used [0x00000000d5580000,0x00000000d6400000,0x00000000d6400000)
  from space 1536K, 100% used [0x00000000d6500000,0x00000000d6680000,0x00000000d6680000)
  to   space 3072K, 0% used [0x00000000d6700000,0x00000000d6700000,0x00000000d6a00000)
 ParOldGen       total 156672K, used 115569K [0x0000000080000000, 0x0000000089900000, 0x00000000d5580000)
  object space 156672K, 73% used [0x0000000080000000,0x00000000870dc490,0x0000000089900000)
 Metaspace       used 62665K, committed 64192K, reserved 1114112K
  class space    used 6684K, committed 7360K, reserved 1048576K
}
Event: 36.754 GC heap after
{Heap after GC invocations=109 (full 3):
 PSYoungGen      total 16384K, used 1456K [0x00000000d5580000, 0x00000000d6880000, 0x0000000100000000)
  eden space 14848K, 0% used [0x00000000d5580000,0x00000000d5580000,0x00000000d6400000)
  from space 1536K, 94% used [0x00000000d6700000,0x00000000d686c010,0x00000000d6880000)
  to   space 2048K, 0% used [0x00000000d6480000,0x00000000d6480000,0x00000000d6680000)
 ParOldGen       total 156672K, used 116752K [0x0000000080000000, 0x0000000089900000, 0x00000000d5580000)
  object space 156672K, 74% used [0x0000000080000000,0x00000000872041a0,0x0000000089900000)
 Metaspace       used 62665K, committed 64192K, reserved 1114112K
  class space    used 6684K, committed 7360K, reserved 1048576K
}
Event: 37.346 GC heap before
{Heap before GC invocations=110 (full 3):
 PSYoungGen      total 16384K, used 16304K [0x00000000d5580000, 0x00000000d6880000, 0x0000000100000000)
  eden space 14848K, 100% used [0x00000000d5580000,0x00000000d6400000,0x00000000d6400000)
  from space 1536K, 94% used [0x00000000d6700000,0x00000000d686c010,0x00000000d6880000)
  to   space 2048K, 0% used [0x00000000d6480000,0x00000000d6480000,0x00000000d6680000)
 ParOldGen       total 156672K, used 116752K [0x0000000080000000, 0x0000000089900000, 0x00000000d5580000)
  object space 156672K, 74% used [0x0000000080000000,0x00000000872041a0,0x0000000089900000)
 Metaspace       used 62744K, committed 64256K, reserved 1114112K
  class space    used 6684K, committed 7360K, reserved 1048576K
}
Event: 37.349 GC heap after
{Heap after GC invocations=110 (full 3):
 PSYoungGen      total 16384K, used 1056K [0x00000000d5580000, 0x00000000d6780000, 0x0000000100000000)
  eden space 14848K, 0% used [0x00000000d5580000,0x00000000d5580000,0x00000000d6400000)
  from space 1536K, 68% used [0x00000000d6480000,0x00000000d6588000,0x00000000d6600000)
  to   space 1536K, 0% used [0x00000000d6600000,0x00000000d6600000,0x00000000d6780000)
 ParOldGen       total 156672K, used 117680K [0x0000000080000000, 0x0000000089900000, 0x00000000d5580000)
  object space 156672K, 75% used [0x0000000080000000,0x00000000872ec1a0,0x0000000089900000)
 Metaspace       used 62744K, committed 64256K, reserved 1114112K
  class space    used 6684K, committed 7360K, reserved 1048576K
}
Event: 38.235 GC heap before
{Heap before GC invocations=111 (full 3):
 PSYoungGen      total 16384K, used 15903K [0x00000000d5580000, 0x00000000d6780000, 0x0000000100000000)
  eden space 14848K, 99% used [0x00000000d5580000,0x00000000d63ffd00,0x00000000d6400000)
  from space 1536K, 68% used [0x00000000d6480000,0x00000000d6588000,0x00000000d6600000)
  to   space 1536K, 0% used [0x00000000d6600000,0x00000000d6600000,0x00000000d6780000)
 ParOldGen       total 156672K, used 117680K [0x0000000080000000, 0x0000000089900000, 0x00000000d5580000)
  object space 156672K, 75% used [0x0000000080000000,0x00000000872ec1a0,0x0000000089900000)
 Metaspace       used 62827K, committed 64384K, reserved 1114112K
  class space    used 6684K, committed 7360K, reserved 1048576K
}
Event: 38.237 GC heap after
{Heap after GC invocations=111 (full 3):
 PSYoungGen      total 15872K, used 1024K [0x00000000d5580000, 0x00000000d6700000, 0x0000000100000000)
  eden space 14848K, 0% used [0x00000000d5580000,0x00000000d5580000,0x00000000d6400000)
  from space 1024K, 100% used [0x00000000d6600000,0x00000000d6700000,0x00000000d6700000)
  to   space 1536K, 0% used [0x00000000d6400000,0x00000000d6400000,0x00000000d6580000)
 ParOldGen       total 156672K, used 118440K [0x0000000080000000, 0x0000000089900000, 0x00000000d5580000)
  object space 156672K, 75% used [0x0000000080000000,0x00000000873aa1a0,0x0000000089900000)
 Metaspace       used 62827K, committed 64384K, reserved 1114112K
  class space    used 6684K, committed 7360K, reserved 1048576K
}
Event: 38.725 GC heap before
{Heap before GC invocations=112 (full 3):
 PSYoungGen      total 15872K, used 15818K [0x00000000d5580000, 0x00000000d6700000, 0x0000000100000000)
  eden space 14848K, 99% used [0x00000000d5580000,0x00000000d63f28b8,0x00000000d6400000)
  from space 1024K, 100% used [0x00000000d6600000,0x00000000d6700000,0x00000000d6700000)
  to   space 1536K, 0% used [0x00000000d6400000,0x00000000d6400000,0x00000000d6580000)
 ParOldGen       total 156672K, used 118440K [0x0000000080000000, 0x0000000089900000, 0x00000000d5580000)
  object space 156672K, 75% used [0x0000000080000000,0x00000000873aa1a0,0x0000000089900000)
 Metaspace       used 63241K, committed 64768K, reserved 1114112K
  class space    used 6723K, committed 7424K, reserved 1048576K
}
Event: 38.730 GC heap after
{Heap after GC invocations=112 (full 3):
 PSYoungGen      total 16384K, used 672K [0x00000000d5580000, 0x00000000d6680000, 0x0000000100000000)
  eden space 14848K, 0% used [0x00000000d5580000,0x00000000d5580000,0x00000000d6400000)
  from space 1536K, 43% used [0x00000000d6400000,0x00000000d64a8020,0x00000000d6580000)
  to   space 1024K, 0% used [0x00000000d6580000,0x00000000d6580000,0x00000000d6680000)
 ParOldGen       total 156672K, used 119312K [0x0000000080000000, 0x0000000089900000, 0x00000000d5580000)
  object space 156672K, 76% used [0x0000000080000000,0x00000000874841a0,0x0000000089900000)
 Metaspace       used 63241K, committed 64768K, reserved 1114112K
  class space    used 6723K, committed 7424K, reserved 1048576K
}
Event: 39.542 GC heap before
{Heap before GC invocations=113 (full 3):
 PSYoungGen      total 16384K, used 15315K [0x00000000d5580000, 0x00000000d6680000, 0x0000000100000000)
  eden space 14848K, 98% used [0x00000000d5580000,0x00000000d63ccc10,0x00000000d6400000)
  from space 1536K, 43% used [0x00000000d6400000,0x00000000d64a8020,0x00000000d6580000)
  to   space 1024K, 0% used [0x00000000d6580000,0x00000000d6580000,0x00000000d6680000)
 ParOldGen       total 156672K, used 119312K [0x0000000080000000, 0x0000000089900000, 0x00000000d5580000)
  object space 156672K, 76% used [0x0000000080000000,0x00000000874841a0,0x0000000089900000)
 Metaspace       used 63322K, committed 64832K, reserved 1114112K
  class space    used 6728K, committed 7424K, reserved 1048576K
}
Event: 39.543 GC heap after
{Heap after GC invocations=113 (full 3):
 PSYoungGen      total 15360K, used 436K [0x00000000d5580000, 0x00000000d6600000, 0x0000000100000000)
  eden space 14848K, 0% used [0x00000000d5580000,0x00000000d5580000,0x00000000d6400000)
  from space 512K, 85% used [0x00000000d6580000,0x00000000d65ed220,0x00000000d6600000)
  to   space 1024K, 0% used [0x00000000d6400000,0x00000000d6400000,0x00000000d6500000)
 ParOldGen       total 156672K, used 119677K [0x0000000080000000, 0x0000000089900000, 0x00000000d5580000)
  object space 156672K, 76% used [0x0000000080000000,0x00000000874df430,0x0000000089900000)
 Metaspace       used 63322K, committed 64832K, reserved 1114112K
  class space    used 6728K, committed 7424K, reserved 1048576K
}
Event: 40.631 GC heap before
{Heap before GC invocations=114 (full 3):
 PSYoungGen      total 15360K, used 15284K [0x00000000d5580000, 0x00000000d6600000, 0x0000000100000000)
  eden space 14848K, 100% used [0x00000000d5580000,0x00000000d6400000,0x00000000d6400000)
  from space 512K, 85% used [0x00000000d6580000,0x00000000d65ed220,0x00000000d6600000)
  to   space 1024K, 0% used [0x00000000d6400000,0x00000000d6400000,0x00000000d6500000)
 ParOldGen       total 156672K, used 119677K [0x0000000080000000, 0x0000000089900000, 0x00000000d5580000)
  object space 156672K, 76% used [0x0000000080000000,0x00000000874df430,0x0000000089900000)
 Metaspace       used 63551K, committed 65088K, reserved 1114112K
  class space    used 6747K, committed 7424K, reserved 1048576K
}
Event: 40.632 GC heap after
{Heap after GC invocations=114 (full 3):
 PSYoungGen      total 15872K, used 384K [0x00000000d5580000, 0x00000000d6600000, 0x0000000100000000)
  eden space 14848K, 0% used [0x00000000d5580000,0x00000000d5580000,0x00000000d6400000)
  from space 1024K, 37% used [0x00000000d6400000,0x00000000d6460000,0x00000000d6500000)
  to   space 512K, 0% used [0x00000000d6580000,0x00000000d6580000,0x00000000d6600000)
 ParOldGen       total 156672K, used 119885K [0x0000000080000000, 0x0000000089900000, 0x00000000d5580000)
  object space 156672K, 76% used [0x0000000080000000,0x0000000087513450,0x0000000089900000)
 Metaspace       used 63551K, committed 65088K, reserved 1114112K
  class space    used 6747K, committed 7424K, reserved 1048576K
}

